[2016/8/14 - 18:31:09] {AA3333}AdmCmd{FFFF00}: Test System Da hoi sinh cho Thai Nguyen
[2017/4/8 - 17:46:11] 
[2017/4/8 - 17:46:22] 
[2017/4/8 - 18:39:12] 
[2017/4/8 - 18:40:56] 
[2017/4/8 - 18:41:30] 
[2017/4/8 - 19:01:01] 
[2017/4/8 - 19:01:03] 
[2017/4/9 - 13:57:27] {AA3333}AdmCmd{FFFF00}: Minh Kiet jailed boi Minh Kiet, {FFFF00}Ly Do{FFFF00}: 1
[2017/4/9 - 18:16:23] 
[2017/4/9 - 19:08:38] 
[2017/4/9 - 19:54:17] 
[2017/4/9 - 20:54:55] 
2017/4/9 - 20:54:59] [zcmd] [Thien Minh]: /makeadmin 0 99999
[2017/4/9 - 20:56:16] 
[2017/4/9 - 20:56:17] 
[2017/4/9 - 20:57:07] 
[2017/4/9 - 20:57:10] 
[2017/4/10 - 17:28:02] 
[2017/4/10 - 17:28:05] 
[2017/4/10 - 17:49:22] 
[2017/4/10 - 17:49:23] 
[2017/4/10 - 19:31:44] 
[2017/4/10 - 19:44:19] 
[2017/4/10 - 19:44:21] 
[2017/4/10 - 19:51:03] 
[2017/4/13 - 17:40:15] 
[2017/4/13 - 17:51:57] 
[2017/4/13 - 18:36:26] 
[2017/4/13 - 20:26:35] 
[2017/4/14 - 17:30:26] 
[2017/4/14 - 18:32:11] 
[2017/4/14 - 18:33:47] AdmCmd: Admin Minh da bi dua vao tu boi Admin Minh, ly do: Cho Vao Tu
[2017/4/14 - 18:52:42] 
[2017/4/14 - 18:52:43] 
[2017/4/14 - 20:24:25] 
[2017/4/29 - 18:27:23] 
[2017/4/29 - 18:35:06] {AA3333}AdmCmd{FFFF00}: Admin Minh has given nos to Admin Minh
[2017/4/29 - 18:35:09] {AA3333}AdmCmd{FFFF00}: Admin Minh has given nos to Admin Minh
[2017/5/2 - 18:30:55] 
[2017/5/2 - 20:10:33] {AA3333}AdmCmd{FFFF00}: Admin Minh Da hoi sinh cho Admin Minh
[2017/5/9 - 18:05:14] {AA3333}AdmCmd{FFFF00}: Admin Minh Da hoi sinh cho Admin Minh
[2017/5/10 - 15:11:53] AdmCmd: Minh da bi dua vao tu boi Minh, ly do: 1
[2017/5/11 - 18:44:49] 
[2017/5/11 - 18:45:00] 
[2017/5/17 - 20:32:36] 
[2017/5/17 - 20:32:36] 
[2017/5/25 - 19:34:57] 
[2017/5/25 - 19:42:45] 
[2017/5/27 - 18:15:24] {AA3333}AdmCmd{FFFF00}: Minh Kiet Da hoi sinh cho Minh Kiet
[2017/5/27 - 18:28:14] 
[2017/5/27 - 18:31:35] {AA3333}AdmCmd{FFFF00}: Minh Kiet Da hoi sinh cho Minh Kiet
[2017/5/27 - 18:38:20] 
[2017/5/27 - 18:41:01] 
[2017/5/27 - 19:38:42] 
[2017/5/28 - 17:33:58] AdmCmd: Ballas Cnowne da bi dua vao tu boi Minh Kiet, ly do: Test di
[2017/5/28 - 17:34:26] 
[2017/5/28 - 17:34:34] 
[2017/5/28 - 17:47:05] {AA3333}AdmCmd{FFFF00}: Ballas Cnowne Da hoi sinh cho Ballas Cnowne
[2017/5/29 - 18:43:44] {AA3333}AdmCmd{FFFF00}: Minh Kiet Da hoi sinh cho Minh Kiet
[2017/5/29 - 18:46:15] {AA3333}AdmCmd{FFFF00}: Minh Kiet Da hoi sinh cho Minh Kiet
[2017/5/29 - 18:46:40] {AA3333}AdmCmd{FFFF00}: Minh Kiet Da hoi sinh cho Minh Kiet
[2017/5/29 - 18:55:35] {AA3333}AdmCmd{FFFF00}: Minh Kiet Da hoi sinh cho Minh Kiet
[2017/5/29 - 19:10:12] 
[2017/5/29 - 19:40:53] {AA3333}AdmCmd{FFFF00}: Minh Kiet Da hoi sinh cho Minh Kiet
[2017/5/30 - 12:44:28] 
[2017/5/30 - 12:57:40] {AA3333}AdmCmd{FFFF00}: Minh Tinh Da hoi sinh cho Minh Tinh
[2017/5/30 - 13:19:06] {AA3333}AdmCmd{FFFF00}: Minh Tinh Da hoi sinh cho Minh Tinh
[2017/5/30 - 18:33:46] {AA3333}AdmCmd{FFFF00}: Minh Kiet Da hoi sinh cho Minh Kiet
[2017/5/30 - 18:33:52] {AA3333}AdmCmd{FFFF00}: Minh Kiet Da hoi sinh cho Minh Kiet
[2017/5/30 - 19:14:56] {AA3333}AdmCmd{FFFF00}: Minh Kiet has given nos to Minh Kiet
[2017/5/31 - 17:47:52] 
[2017/5/31 - 17:55:04] 
[2017/5/31 - 17:55:46] 
[2017/5/31 - 18:09:56] 
[2017/5/31 - 18:23:04] 
[2017/6/1 - 20:33:40] 
[2017/6/2 - 16:41:42] 
[2017/6/2 - 16:41:45] 
[2017/6/2 - 18:09:27] 
[2017/6/2 - 18:14:29] 
[2017/6/2 - 18:16:38] 
[2017/6/2 - 18:20:30] 
[2017/6/2 - 19:48:54] 
[2017/6/2 - 19:48:56] 
[2017/6/3 - 18:04:14] 
[2017/6/3 - 18:08:41] 
[2017/6/3 - 18:26:03] 
[2017/6/3 - 20:08:05] 
[2017/6/4 - 17:07:00] 
[2017/6/4 - 17:29:46] 
[2017/6/4 - 17:31:40] {AA3333}AdmCmd{FFFF00}: Henry w Da hoi sinh cho Henry w
[2017/6/4 - 20:27:24] 
[2017/6/5 - 16:42:47] 
[2017/6/5 - 16:58:01] 
[2017/6/5 - 16:58:35] AdmCmd: Ballas Cnowne da bi dua vao tu boi Minh Kiet, ly do: ngu
[2017/6/5 - 16:59:07] 
[2017/6/5 - 16:59:09] {AA3333}LS:RP Warning{FFFF00}: Minh Kiet da bi giam giu boi Ballas Cnowne, {FFFF00}Ly Do{FFFF00}: ngu qa
[2017/6/5 - 16:59:23] {AA3333}AdmCmd{FFFF00}: Minh Kiet Ban Da Duoc Tha Tu boi boi Minh Kiet, {FFFF00}Ly Do{FFFF00}: Khon Ra Roi
[2017/6/5 - 16:59:40] {AA3333}AdmCmd{FFFF00}: Ballas Cnowne Ban Da Duoc Tha Tu boi boi Ballas Cnowne, {FFFF00}Ly Do{FFFF00}: me too
[2017/6/5 - 17:12:38] {AA3333}AdmCmd{FFFF00}: Minh Kiet Da hoi sinh cho Minh Kiet
[2017/6/5 - 17:13:39] 
[2017/6/5 - 17:13:49] 
[2017/6/5 - 17:13:55] 
[2017/6/5 - 18:57:46] AdmCmd: Minh Kiet da bi dua vao tu boi Minh Kiet, ly do: 1
[2017/6/5 - 19:00:01] {AA3333}AdmCmd{FFFF00}: Minh Kiet Ban Da Duoc Tha Tu boi boi Minh Kiet, {FFFF00}Ly Do{FFFF00}: 1
[2017/6/6 - 17:20:00] {AA3333}AdmCmd{FFFF00}: Minh Kiet Ban Da Duoc Tha Tu boi boi Minh Kiet, {FFFF00}Ly Do{FFFF00}: a
[2017/6/7 - 17:54:06] 
[2017/6/7 - 18:13:56] {AA3333}AdmCmd{FFFF00}: Minh Kietyt Ban Da Duoc Tha Tu boi boi Minh Kietyt, {FFFF00}Ly Do{FFFF00}: 0
[2017/6/7 - 18:40:08] 
[2017/6/7 - 18:40:33] 
[2017/6/7 - 18:40:34] {AA3333}AdmCmd{FFFF00}: Minh Kietyt Da hoi sinh cho Minh Kietyt
[2017/6/7 - 18:41:52] 
[2017/6/7 - 18:42:51] 
[2017/6/7 - 18:42:52] {AA3333}AdmCmd{FFFF00}: Minh Kietyt has given nos to Minh Kietyt
[2017/6/7 - 19:30:12] {AA3333}AdmCmd{FFFF00}: Minh Kietyt Da hoi sinh cho Minh Kietyt
[2017/6/7 - 19:49:24] 
[2017/6/18 - 15:15:22] 
[2017/6/18 - 15:32:30] {AA3333}AdmCmd{FFFF00}: Minh Dep Ban Da Duoc Tha Tu boi boi Minh Dep, {FFFF00}Ly Do{FFFF00}: AN XA
[2017/6/18 - 15:45:44] 
[2017/6/19 - 15:12:49] 
[2017/6/19 - 15:13:03] 
[2017/6/19 - 15:14:14] 
[2017/6/19 - 15:14:51] 
[2017/6/19 - 15:16:27] 
[2017/6/20 - 18:08:25] 
[2017/6/20 - 18:41:56] Administrator Minh Kiet has respawned all dynamic vehicles loaded on the server.
[2017/6/20 - 18:41:58] Administrator Minh Kiet has respawned all dynamic vehicles loaded on the server.
[2017/6/20 - 18:42:00] Administrator Minh Kiet has respawned all dynamic vehicles loaded on the server.
[2017/6/20 - 18:42:00] Administrator Minh Kiet has respawned all dynamic vehicles loaded on the server.
[2017/6/20 - 18:42:00] Administrator Minh Kiet has respawned all dynamic vehicles loaded on the server.
[2017/6/20 - 18:42:01] Administrator Minh Kiet has respawned all dynamic vehicles loaded on the server.
[2017/6/20 - 18:42:01] Administrator Minh Kiet has respawned all dynamic vehicles loaded on the server.
[2017/6/20 - 19:58:08] 
