[2017/4/13 - 18:27:31] CANH BAO: Minh Huy (IP:127.0.0.1) dang co gang dang nhap tai khoan bi cam!.
[2017/5/30 - 12:41:36] AdmCmd: Minh Kiet(IP:127.0.0.1) da bi khoa tai khoan trong (1) gio boi Minh Kiet, ly do: Ngu
[2017/5/30 - 13:28:46] {AA3333}SysTems{FFFF00}: Minh Tinh Bi Khoa Tai Khoan Vinh Vien, {FFFF00}Ly Do{FFFF00}: Fly.
[2017/5/30 - 13:34:12] {AA3333}SysTems{FFFF00}: Minh Kiet Bi Khoa Tai Khoan Vinh Vien, {FFFF00}Ly Do{FFFF00}: Fly.
[2017/5/30 - 13:38:38] {AA3333}SysTems{FFFF00}: Minh Kiet Bi Khoa Tai Khoan Vinh Vien, {FFFF00}Ly Do{FFFF00}: Fly.
[2017/5/30 - 13:38:38] {AA3333}SysTems{FFFF00}: Minh Kiet Bi Khoa Tai Khoan Vinh Vien, {FFFF00}Ly Do{FFFF00}: Fly.
[2017/5/30 - 13:38:38] {AA3333}SysTems{FFFF00}: Minh Kiet Bi Khoa Tai Khoan Vinh Vien, {FFFF00}Ly Do{FFFF00}: Fly.
[2017/5/30 - 13:38:38] {AA3333}SysTems{FFFF00}: Minh Kiet Bi Khoa Tai Khoan Vinh Vien, {FFFF00}Ly Do{FFFF00}: Fly.
[2017/5/30 - 13:38:38] {AA3333}SysTems{FFFF00}: Minh Kiet Bi Khoa Tai Khoan Vinh Vien, {FFFF00}Ly Do{FFFF00}: Fly.
[2017/5/30 - 13:38:38] {AA3333}SysTems{FFFF00}: Minh Kiet Bi Khoa Tai Khoan Vinh Vien, {FFFF00}Ly Do{FFFF00}: Fly.
[2017/5/30 - 13:38:39] {AA3333}SysTems{FFFF00}: Minh Kiet Bi Khoa Tai Khoan Vinh Vien, {FFFF00}Ly Do{FFFF00}: Fly.
[2017/5/30 - 13:38:39] {AA3333}SysTems{FFFF00}: Minh Kiet Bi Khoa Tai Khoan Vinh Vien, {FFFF00}Ly Do{FFFF00}: Fly.
[2017/5/30 - 13:38:39] {AA3333}SysTems{FFFF00}: Minh Kiet Bi Khoa Tai Khoan Vinh Vien, {FFFF00}Ly Do{FFFF00}: Fly.
[2017/5/30 - 13:38:39] {AA3333}SysTems{FFFF00}: Minh Kiet Bi Khoa Tai Khoan Vinh Vien, {FFFF00}Ly Do{FFFF00}: Fly.
[2017/5/30 - 13:38:39] {AA3333}SysTems{FFFF00}: Minh Kiet Bi Khoa Tai Khoan Vinh Vien, {FFFF00}Ly Do{FFFF00}: Fly.
[2017/5/30 - 13:38:39] {AA3333}SysTems{FFFF00}: Minh Kiet Bi Khoa Tai Khoan Vinh Vien, {FFFF00}Ly Do{FFFF00}: Fly.
[2017/5/30 - 13:38:39] {AA3333}SysTems{FFFF00}: Minh Kiet Bi Khoa Tai Khoan Vinh Vien, {FFFF00}Ly Do{FFFF00}: Fly.
[2017/5/30 - 13:38:39] {AA3333}SysTems{FFFF00}: Minh Kiet Bi Khoa Tai Khoan Vinh Vien, {FFFF00}Ly Do{FFFF00}: Fly.
[2017/5/30 - 13:38:39] {AA3333}SysTems{FFFF00}: Minh Kiet Bi Khoa Tai Khoan Vinh Vien, {FFFF00}Ly Do{FFFF00}: Fly.
[2017/5/30 - 13:38:39] {AA3333}SysTems{FFFF00}: Minh Kiet Bi Khoa Tai Khoan Vinh Vien, {FFFF00}Ly Do{FFFF00}: Fly.
[2017/5/30 - 13:38:39] {AA3333}SysTems{FFFF00}: Minh Kiet Bi Khoa Tai Khoan Vinh Vien, {FFFF00}Ly Do{FFFF00}: Fly.
[2017/5/30 - 13:38:39] {AA3333}SysTems{FFFF00}: Minh Kiet Bi Khoa Tai Khoan Vinh Vien, {FFFF00}Ly Do{FFFF00}: Fly.
[2017/5/30 - 13:38:39] {AA3333}SysTems{FFFF00}: Minh Kiet Bi Khoa Tai Khoan Vinh Vien, {FFFF00}Ly Do{FFFF00}: Fly.
[2017/5/30 - 13:38:39] {AA3333}SysTems{FFFF00}: Minh Kiet Bi Khoa Tai Khoan Vinh Vien, {FFFF00}Ly Do{FFFF00}: Fly.
[2017/5/30 - 13:38:39] {AA3333}SysTems{FFFF00}: Minh Kiet Bi Khoa Tai Khoan Vinh Vien, {FFFF00}Ly Do{FFFF00}: Fly.
[2017/5/30 - 13:38:39] {AA3333}SysTems{FFFF00}: Minh Kiet Bi Khoa Tai Khoan Vinh Vien, {FFFF00}Ly Do{FFFF00}: Fly.
[2017/5/30 - 13:38:39] {AA3333}SysTems{FFFF00}: Minh Kiet Bi Khoa Tai Khoan Vinh Vien, {FFFF00}Ly Do{FFFF00}: Fly.
[2017/5/30 - 13:38:39] {AA3333}SysTems{FFFF00}: Minh Kiet Bi Khoa Tai Khoan Vinh Vien, {FFFF00}Ly Do{FFFF00}: Fly.
[2017/5/30 - 13:38:39] {AA3333}SysTems{FFFF00}: Minh Kiet Bi Khoa Tai Khoan Vinh Vien, {FFFF00}Ly Do{FFFF00}: Fly.
[2017/5/30 - 13:38:39] {AA3333}SysTems{FFFF00}: Minh Kiet Bi Khoa Tai Khoan Vinh Vien, {FFFF00}Ly Do{FFFF00}: Fly.
[2017/5/30 - 13:38:39] {AA3333}SysTems{FFFF00}: Minh Kiet Bi Khoa Tai Khoan Vinh Vien, {FFFF00}Ly Do{FFFF00}: Fly.
[2017/5/30 - 13:38:39] {AA3333}SysTems{FFFF00}: Minh Kiet Bi Khoa Tai Khoan Vinh Vien, {FFFF00}Ly Do{FFFF00}: Fly.
[2017/5/30 - 13:38:39] {AA3333}SysTems{FFFF00}: Minh Kiet Bi Khoa Tai Khoan Vinh Vien, {FFFF00}Ly Do{FFFF00}: Fly.
[2017/5/30 - 13:38:39] {AA3333}SysTems{FFFF00}: Minh Kiet Bi Khoa Tai Khoan Vinh Vien, {FFFF00}Ly Do{FFFF00}: Fly.
[2017/5/30 - 13:38:39] {AA3333}SysTems{FFFF00}: Minh Kiet Bi Khoa Tai Khoan Vinh Vien, {FFFF00}Ly Do{FFFF00}: Fly.
[2017/5/30 - 13:38:39] {AA3333}SysTems{FFFF00}: Minh Kiet Bi Khoa Tai Khoan Vinh Vien, {FFFF00}Ly Do{FFFF00}: Fly.
[2017/5/30 - 13:38:39] {AA3333}SysTems{FFFF00}: Minh Kiet Bi Khoa Tai Khoan Vinh Vien, {FFFF00}Ly Do{FFFF00}: Fly.
[2017/5/30 - 13:38:39] {AA3333}SysTems{FFFF00}: Minh Kiet Bi Khoa Tai Khoan Vinh Vien, {FFFF00}Ly Do{FFFF00}: Fly.
[2017/5/30 - 13:38:39] {AA3333}SysTems{FFFF00}: Minh Kiet Bi Khoa Tai Khoan Vinh Vien, {FFFF00}Ly Do{FFFF00}: Fly.
[2017/5/30 - 13:38:39] {AA3333}SysTems{FFFF00}: Minh Kiet Bi Khoa Tai Khoan Vinh Vien, {FFFF00}Ly Do{FFFF00}: Fly.
[2017/5/30 - 13:38:39] {AA3333}SysTems{FFFF00}: Minh Kiet Bi Khoa Tai Khoan Vinh Vien, {FFFF00}Ly Do{FFFF00}: Fly.
[2017/5/30 - 13:38:39] {AA3333}SysTems{FFFF00}: Minh Kiet Bi Khoa Tai Khoan Vinh Vien, {FFFF00}Ly Do{FFFF00}: Fly.
[2017/5/30 - 13:38:39] {AA3333}SysTems{FFFF00}: Minh Kiet Bi Khoa Tai Khoan Vinh Vien, {FFFF00}Ly Do{FFFF00}: Fly.
[2017/5/30 - 13:38:39] {AA3333}SysTems{FFFF00}: Minh Kiet Bi Khoa Tai Khoan Vinh Vien, {FFFF00}Ly Do{FFFF00}: Fly.
[2017/5/30 - 13:38:39] {AA3333}SysTems{FFFF00}: Minh Kiet Bi Khoa Tai Khoan Vinh Vien, {FFFF00}Ly Do{FFFF00}: Fly.
[2017/5/30 - 13:38:39] {AA3333}SysTems{FFFF00}: Minh Kiet Bi Khoa Tai Khoan Vinh Vien, {FFFF00}Ly Do{FFFF00}: Fly.
[2017/5/30 - 13:38:39] {AA3333}SysTems{FFFF00}: Minh Kiet Bi Khoa Tai Khoan Vinh Vien, {FFFF00}Ly Do{FFFF00}: Fly.
[2017/5/30 - 13:38:40] {AA3333}SysTems{FFFF00}: Minh Kiet Bi Khoa Tai Khoan Vinh Vien, {FFFF00}Ly Do{FFFF00}: Fly.
[2017/5/30 - 13:38:40] {AA3333}SysTems{FFFF00}: Minh Kiet Bi Khoa Tai Khoan Vinh Vien, {FFFF00}Ly Do{FFFF00}: Fly.
[2017/5/30 - 13:38:40] {AA3333}SysTems{FFFF00}: Minh Kiet Bi Khoa Tai Khoan Vinh Vien, {FFFF00}Ly Do{FFFF00}: Fly.
[2017/5/30 - 13:38:40] {AA3333}SysTems{FFFF00}: Minh Kiet Bi Khoa Tai Khoan Vinh Vien, {FFFF00}Ly Do{FFFF00}: Fly.
[2017/5/30 - 13:38:40] {AA3333}SysTems{FFFF00}: Minh Kiet Bi Khoa Tai Khoan Vinh Vien, {FFFF00}Ly Do{FFFF00}: Fly.
[2017/5/30 - 13:38:40] {AA3333}SysTems{FFFF00}: Minh Kiet Bi Khoa Tai Khoan Vinh Vien, {FFFF00}Ly Do{FFFF00}: Fly.
[2017/5/30 - 13:38:40] {AA3333}SysTems{FFFF00}: Minh Kiet Bi Khoa Tai Khoan Vinh Vien, {FFFF00}Ly Do{FFFF00}: Fly.
[2017/5/30 - 13:38:40] {AA3333}SysTems{FFFF00}: Minh Kiet Bi Khoa Tai Khoan Vinh Vien, {FFFF00}Ly Do{FFFF00}: Fly.
[2017/5/30 - 13:38:40] {AA3333}SysTems{FFFF00}: Minh Kiet Bi Khoa Tai Khoan Vinh Vien, {FFFF00}Ly Do{FFFF00}: Fly.
[2017/5/30 - 13:38:40] {AA3333}SysTems{FFFF00}: Minh Kiet Bi Khoa Tai Khoan Vinh Vien, {FFFF00}Ly Do{FFFF00}: Fly.
[2017/5/30 - 13:38:40] {AA3333}SysTems{FFFF00}: Minh Kiet Bi Khoa Tai Khoan Vinh Vien, {FFFF00}Ly Do{FFFF00}: Fly.
[2017/5/30 - 13:38:40] {AA3333}SysTems{FFFF00}: Minh Kiet Bi Khoa Tai Khoan Vinh Vien, {FFFF00}Ly Do{FFFF00}: Fly.
[2017/5/30 - 13:38:40] {AA3333}SysTems{FFFF00}: Minh Kiet Bi Khoa Tai Khoan Vinh Vien, {FFFF00}Ly Do{FFFF00}: Fly.
[2017/5/30 - 13:38:40] {AA3333}SysTems{FFFF00}: Minh Kiet Bi Khoa Tai Khoan Vinh Vien, {FFFF00}Ly Do{FFFF00}: Fly.
[2017/5/30 - 13:38:40] {AA3333}SysTems{FFFF00}: Minh Kiet Bi Khoa Tai Khoan Vinh Vien, {FFFF00}Ly Do{FFFF00}: Fly.
[2017/5/30 - 18:25:07] {AA3333}SysTems{FFFF00}: Minh Kiet Bi Khoa Tai Khoan Vinh Vien, {FFFF00}Ly Do{FFFF00}: Fly.
[2017/5/30 - 18:25:07] {AA3333}SysTems{FFFF00}: Minh Kiet Bi Khoa Tai Khoan Vinh Vien, {FFFF00}Ly Do{FFFF00}: Fly.
[2017/5/30 - 18:25:07] {AA3333}SysTems{FFFF00}: Minh Kiet Bi Khoa Tai Khoan Vinh Vien, {FFFF00}Ly Do{FFFF00}: Fly.
[2017/5/30 - 18:25:07] {AA3333}SysTems{FFFF00}: Minh Kiet Bi Khoa Tai Khoan Vinh Vien, {FFFF00}Ly Do{FFFF00}: Fly.
[2017/5/30 - 20:40:28] {AA3333}SysTems{FFFF00}: Minh Kiet Bi Khoa Tai Khoan Vinh Vien, {FFFF00}Ly Do{FFFF00}: Fly.
[2017/5/30 - 20:40:28] {AA3333}SysTems{FFFF00}: Minh Kiet Bi Khoa Tai Khoan Vinh Vien, {FFFF00}Ly Do{FFFF00}: Fly.
[2017/5/30 - 20:40:28] {AA3333}SysTems{FFFF00}: Minh Kiet Bi Khoa Tai Khoan Vinh Vien, {FFFF00}Ly Do{FFFF00}: Fly.
[2017/5/30 - 20:40:28] {AA3333}SysTems{FFFF00}: Minh Kiet Bi Khoa Tai Khoan Vinh Vien, {FFFF00}Ly Do{FFFF00}: Fly.
[2017/5/30 - 20:40:28] {AA3333}SysTems{FFFF00}: Minh Kiet Bi Khoa Tai Khoan Vinh Vien, {FFFF00}Ly Do{FFFF00}: Fly.
[2017/5/30 - 20:40:28] {AA3333}SysTems{FFFF00}: Minh Kiet Bi Khoa Tai Khoan Vinh Vien, {FFFF00}Ly Do{FFFF00}: Fly.
[2017/5/30 - 20:40:28] {AA3333}SysTems{FFFF00}: Minh Kiet Bi Khoa Tai Khoan Vinh Vien, {FFFF00}Ly Do{FFFF00}: Fly.
[2017/5/30 - 20:40:28] {AA3333}SysTems{FFFF00}: Minh Kiet Bi Khoa Tai Khoan Vinh Vien, {FFFF00}Ly Do{FFFF00}: Fly.
[2017/5/30 - 20:40:28] {AA3333}SysTems{FFFF00}: Minh Kiet Bi Khoa Tai Khoan Vinh Vien, {FFFF00}Ly Do{FFFF00}: Fly.
[2017/5/30 - 20:40:28] {AA3333}SysTems{FFFF00}: Minh Kiet Bi Khoa Tai Khoan Vinh Vien, {FFFF00}Ly Do{FFFF00}: Fly.
[2017/5/30 - 20:40:28] {AA3333}SysTems{FFFF00}: Minh Kiet Bi Khoa Tai Khoan Vinh Vien, {FFFF00}Ly Do{FFFF00}: Fly.
[2017/5/30 - 20:40:28] {AA3333}SysTems{FFFF00}: Minh Kiet Bi Khoa Tai Khoan Vinh Vien, {FFFF00}Ly Do{FFFF00}: Fly.
[2017/5/30 - 20:40:28] {AA3333}SysTems{FFFF00}: Minh Kiet Bi Khoa Tai Khoan Vinh Vien, {FFFF00}Ly Do{FFFF00}: Fly.
[2017/5/30 - 20:40:28] {AA3333}SysTems{FFFF00}: Minh Kiet Bi Khoa Tai Khoan Vinh Vien, {FFFF00}Ly Do{FFFF00}: Fly.
[2017/5/30 - 20:40:28] {AA3333}SysTems{FFFF00}: Minh Kiet Bi Khoa Tai Khoan Vinh Vien, {FFFF00}Ly Do{FFFF00}: Fly.
[2017/5/30 - 20:40:28] {AA3333}SysTems{FFFF00}: Minh Kiet Bi Khoa Tai Khoan Vinh Vien, {FFFF00}Ly Do{FFFF00}: Fly.
[2017/5/30 - 20:40:28] {AA3333}SysTems{FFFF00}: Minh Kiet Bi Khoa Tai Khoan Vinh Vien, {FFFF00}Ly Do{FFFF00}: Fly.
[2017/5/30 - 20:40:28] {AA3333}SysTems{FFFF00}: Minh Kiet Bi Khoa Tai Khoan Vinh Vien, {FFFF00}Ly Do{FFFF00}: Fly.
[2017/5/30 - 20:40:28] {AA3333}SysTems{FFFF00}: Minh Kiet Bi Khoa Tai Khoan Vinh Vien, {FFFF00}Ly Do{FFFF00}: Fly.
[2017/5/30 - 20:40:28] {AA3333}SysTems{FFFF00}: Minh Kiet Bi Khoa Tai Khoan Vinh Vien, {FFFF00}Ly Do{FFFF00}: Fly.
[2017/5/30 - 20:40:28] {AA3333}SysTems{FFFF00}: Minh Kiet Bi Khoa Tai Khoan Vinh Vien, {FFFF00}Ly Do{FFFF00}: Fly.
[2017/5/30 - 20:40:28] {AA3333}SysTems{FFFF00}: Minh Kiet Bi Khoa Tai Khoan Vinh Vien, {FFFF00}Ly Do{FFFF00}: Fly.
[2017/5/30 - 20:40:28] {AA3333}SysTems{FFFF00}: Minh Kiet Bi Khoa Tai Khoan Vinh Vien, {FFFF00}Ly Do{FFFF00}: Fly.
[2017/5/30 - 20:40:28] {AA3333}SysTems{FFFF00}: Minh Kiet Bi Khoa Tai Khoan Vinh Vien, {FFFF00}Ly Do{FFFF00}: Fly.
[2017/5/30 - 20:40:28] {AA3333}SysTems{FFFF00}: Minh Kiet Bi Khoa Tai Khoan Vinh Vien, {FFFF00}Ly Do{FFFF00}: Fly.
[2017/5/30 - 20:40:28] {AA3333}SysTems{FFFF00}: Minh Kiet Bi Khoa Tai Khoan Vinh Vien, {FFFF00}Ly Do{FFFF00}: Fly.
[2017/5/30 - 20:40:28] {AA3333}SysTems{FFFF00}: Minh Kiet Bi Khoa Tai Khoan Vinh Vien, {FFFF00}Ly Do{FFFF00}: Fly.
[2017/5/30 - 20:40:28] {AA3333}SysTems{FFFF00}: Minh Kiet Bi Khoa Tai Khoan Vinh Vien, {FFFF00}Ly Do{FFFF00}: Fly.
[2017/5/30 - 20:40:28] {AA3333}SysTems{FFFF00}: Minh Kiet Bi Khoa Tai Khoan Vinh Vien, {FFFF00}Ly Do{FFFF00}: Fly.
[2017/5/30 - 20:40:28] {AA3333}SysTems{FFFF00}: Minh Kiet Bi Khoa Tai Khoan Vinh Vien, {FFFF00}Ly Do{FFFF00}: Fly.
[2017/5/30 - 20:40:29] {AA3333}SysTems{FFFF00}: Minh Kiet Bi Khoa Tai Khoan Vinh Vien, {FFFF00}Ly Do{FFFF00}: Fly.
[2017/5/30 - 20:40:29] {AA3333}SysTems{FFFF00}: Minh Kiet Bi Khoa Tai Khoan Vinh Vien, {FFFF00}Ly Do{FFFF00}: Fly.
[2017/5/30 - 20:40:29] {AA3333}SysTems{FFFF00}: Minh Kiet Bi Khoa Tai Khoan Vinh Vien, {FFFF00}Ly Do{FFFF00}: Fly.
[2017/5/30 - 20:40:29] {AA3333}SysTems{FFFF00}: Minh Kiet Bi Khoa Tai Khoan Vinh Vien, {FFFF00}Ly Do{FFFF00}: Fly.
[2017/5/31 - 17:46:42] CANH BAO: Minh Kiet (IP:14.183.233.158) dang co gang dang nhap tai khoan bi cam!.
[2017/5/31 - 17:56:02] {AA3333}AdmCmd{FFFF00}: Minh_Kiet da duoc bo cam boi Admin Minh.
[2017/5/31 - 17:56:47] {AA3333}SysTems{FFFF00}: Admin Minh Bi Khoa Tai Khoan Vinh Vien, {FFFF00}Ly Do{FFFF00}: Fly.
[2017/6/2 - 16:34:42] CANH BAO: Minh Kiet (IP:127.0.0.1) dang co gang dang nhap tai khoan bi cam!.
[2017/6/2 - 16:39:54] CANH BAO: Minh Kiet (IP:127.0.0.1) dang co gang dang nhap tai khoan bi cam!.
[2017/6/3 - 18:21:28] {AA3333}AdmCmd{FFFF00}: Ballas_Crowne da duoc bo cam boi Minh Kiet.
[2017/6/5 - 16:48:25] CANH BAO: Ballas Cnowne (IP:14.191.30.133) dang co gang dang nhap tai khoan bi cam!.
[2017/6/5 - 17:15:21] {AA3333}:SysTems{FFFF00}: Ballas Cnowne Bi Khoa Tai Khoan Vinh Vien, {FFFF00}Ly Do{FFFF00}: Fly.
[2017/6/20 - 20:04:07] {AA3333}AdmCmd{FFFF00}:  da duoc bo cam boi Minh Kietr.
