[2016/9/19 - 12:57:05] Thai Nguyen has changed BusinessID 0's Exterior to X:1938.589477 Y:-1775.284423 Z:13.382812
[2016/9/19 - 12:57:14] Thai Nguyen has changed BusinessID 0's Interior to X:1935.896240 Y:-1777.675415 Z:13.382812
[2016/9/19 - 12:57:27] Thai Nguyen has changed BusinessID 0's Price to $300000.
[2016/9/19 - 12:58:11] Thai Nguyen has changed BusinessID 1's Type to Tram sua xe (7).
[2016/9/19 - 12:58:14] Thai Nguyen has changed BusinessID 1's Type to 24/7 (8).
[2016/9/19 - 12:58:17] Thai Nguyen has changed BusinessID 1's Type to Tram xang (1).
[2016/9/19 - 12:59:43] Thai Nguyen has changed BusinessID 0's Type to Tram xang (1).
[2016/9/19 - 12:59:46]  da tao ra mot tram xang cho  ()
[2016/9/19 - 12:59:57]  da tao ra mot tram xang cho  ()
[2016/9/19 - 13:00:14] Thai Nguyen thay doi vi tri tram gas 0 cho cua hang 0
[2016/9/19 - 13:00:24] Thai Nguyen thay doi vi tri tram gas 0 cho cua hang 0
[2016/9/19 - 13:00:44] Thai Nguyen thay doi vi tri tram gas 0 cho cua hang 0
[2016/9/19 - 13:00:56] Thai Nguyen thay doi vi tri tram gas 0 cho cua hang 0
[2016/9/19 - 13:01:04] Thai Nguyen thay doi vi tri tram gas 0 cho cua hang 0
[2016/9/19 - 13:01:18] Thai Nguyen thay doi vi tri tram gas 0 cho cua hang 0
[2016/9/19 - 13:01:49] Admin  xoa tram ga cua hang 
[2016/9/19 - 13:01:50] Admin  xoa tram ga cua hang 
[2016/9/19 - 13:02:00] Thai Nguyen has changed BusinessID 0's Exterior to X:1928.934326 Y:-1776.251953 Z:13.546875
[2016/9/19 - 13:02:14]  da tao ra mot tram xang cho  ()
[2016/9/19 - 13:02:28] Thai Nguyen thay doi vi tri tram gas 0 cho cua hang 0
[2016/9/19 - 13:03:21] Thai Nguyen da thay doi cong suat tram gas 0 cho  (0) den 1000.00
[2016/9/19 - 13:03:29] Thai Nguyen da thay doi luong khi gas 0 cho  (0) den 1000.00
[2016/9/19 - 13:03:40] Thai Nguyen thay doi vi tri tram gas 0 cho cua hang 0
[2016/9/19 - 13:04:34] Thai Nguyen thay doi vi tri tram gas 0 cho cua hang 0
[2016/9/19 - 13:08:04] Thai Nguyen has changed BusinessID 0's Exterior to X:1933.868041 Y:-1775.908569 Z:13.382812
[2016/9/19 - 13:08:08] Thai Nguyen has changed BusinessID 0's Interior to X:1934.676635 Y:-1778.548095 Z:13.382812
[2016/9/19 - 13:08:17] Thai Nguyen has changed BusinessID 0's Price to $10000.
[2016/9/19 - 13:09:01] Thai Nguyen has changed BusinessID 0's Type to Tram xang (1).
[2016/9/19 - 13:09:13]  da tao ra mot tram xang cho  ()
[2016/9/19 - 13:09:18] Thai Nguyen thay doi vi tri tram gas 0 cho cua hang 0
[2016/9/19 - 13:09:27] Thai Nguyen da thay doi cong suat tram gas 0 cho  (0) den 1000.00
[2016/9/19 - 13:09:31] Thai Nguyen da thay doi luong khi gas 0 cho  (0) den 1000.00
[2016/9/19 - 13:11:30] Thai Nguyen has deleted BusinessID 0.
[2016/9/19 - 13:11:35] Thai Nguyen has changed BusinessID 1's Exterior to X:1934.981933 Y:-1778.709472 Z:13.382812
[2016/9/19 - 13:11:42] Thai Nguyen has changed BusinessID 1's Interior to X:1934.982177 Y:-1782.714599 Z:13.382812
[2016/9/19 - 13:11:46] Thai Nguyen has changed BusinessID 1's Type to Tram xang (1).
[2016/9/19 - 13:11:51] Thai Nguyen has changed BusinessID 1's Price to $10000.
[2016/9/19 - 13:12:57]  da tao ra mot tram xang cho  ()
[2017/4/14 - 17:31:27] Admin Minh has deleted BusinessID 3.
[2017/4/29 - 18:55:49] Admin Minh has changed BusinessID 100's Price to $0.
[2017/4/29 - 18:56:30] Admin Minh has deleted BusinessID 100.
[2017/4/29 - 18:57:58] Admin Minh has changed BusinessID 100's Exterior to X:1788.980590 Y:-1638.073974 Z:14.477371
[2017/4/29 - 18:57:59] Admin Minh has changed BusinessID 100's Exterior to X:1787.586303 Y:-1639.097656 Z:14.471196
[2017/4/29 - 18:58:01] Admin Minh has changed BusinessID 100's Exterior to X:1787.703369 Y:-1639.481323 Z:14.470911
[2017/4/29 - 18:58:08] Admin Minh has changed BusinessID 100's Type to Tram xang (1).
[2017/4/29 - 18:58:09] Admin Minh has changed BusinessID 100's Type to Shop quan ao (2).
[2017/4/29 - 18:58:10] Admin Minh has changed BusinessID 100's Type to Nha hang (3).
[2017/4/29 - 18:58:11] Admin Minh has changed BusinessID 100's Type to Shop vu khi (4).
[2017/4/29 - 18:58:12] Admin Minh has changed BusinessID 100's Type to Dai ly xe moi (5).
[2017/4/29 - 18:58:13] Admin Minh has changed BusinessID 100's Type to Dai ly xe cu (6).
[2017/4/29 - 18:58:16] Admin Minh has changed BusinessID 100's Type to Tram sua xe (7).
[2017/4/29 - 18:58:17] Admin Minh has changed BusinessID 100's Type to 24/7 (8).
[2017/4/29 - 18:58:42] Admin Minh has changed BusinessID 100's Interior to X:-31.106126 Y:-92.008308 Z:1003.546875
[2017/4/29 - 18:58:46] Admin Minh has changed BusinessID 100's Interior to X:-30.897193 Y:-91.629516 Z:1003.546875
[2017/4/29 - 19:00:23] Admin Minh has deleted BusinessID 0.
[2017/5/31 - 17:48:42] Admin Minh has deleted BusinessID 7.
[2017/5/31 - 17:49:12] Admin Minh has deleted BusinessID 100.
[2017/5/31 - 18:23:50] 1 has deleted BusinessID 7.
[2017/5/31 - 18:23:52] 1 has deleted BusinessID 100.
[2017/6/5 - 20:25:49] Minh Kiet has deleted BusinessID 7.
