[2017/4/14 - 18:36:34] Admin Minh has edited DoorID 749's Family.
[2017/4/14 - 18:37:01] Admin Minh has edited DoorID 749's type.
[2017/4/14 - 18:37:11] Admin Minh has edited DoorID 749's type.
[2017/4/14 - 18:37:28] Admin Minh has edited DoorID 749's Faction.
[2017/4/14 - 18:37:38] Admin Minh has edited DoorID 749's Family.
[2017/4/14 - 18:37:53] Admin Minh has edited DoorID 749's Group Type to 1.
[2017/4/14 - 18:37:58] Admin Minh has edited DoorID 749's Group Type to 1.
[2017/4/14 - 18:38:02] Admin Minh has edited DoorID 749's Faction.
[2017/4/14 - 18:38:10] Admin Minh has edited DoorID 749's type.
[2017/4/14 - 18:38:58] Admin Minh has edited DoorID 749's Family.
[2017/4/14 - 18:39:01] Admin Minh has edited DoorID 749's Family.
[2017/4/14 - 18:39:03] Admin Minh has edited DoorID 749's Family.
[2017/4/14 - 18:39:08] Admin Minh has edited DoorID 3's type.
[2017/4/14 - 18:39:12] Admin Minh has edited DoorID 749's type.
[2017/4/14 - 18:39:20] Admin Minh has edited DoorID 749's type.
[2017/4/14 - 18:39:26] Admin Minh has edited DoorID 749's Family.
[2017/4/14 - 18:39:28] Admin Minh has edited DoorID 749's Family.
[2017/4/14 - 18:39:29] Admin Minh has edited DoorID 749's Family.
[2017/4/14 - 18:39:31] Admin Minh has edited DoorID 749's type.
[2017/4/14 - 18:39:33] Admin Minh has edited DoorID 749's type.
[2017/4/14 - 18:40:01] Admin Minh has edited DoorID 749's Faction.
[2017/4/14 - 18:40:14] Admin Minh has edited DoorID 749's type.
[2017/5/11 - 17:48:10] Admin Minh has edited DoorID 2275's Admin Level.
[2017/5/11 - 17:48:23] Admin Minh has edited DoorID 2275's Faction.
[2017/5/11 - 17:48:31] Admin Minh has edited DoorID 2275's type.
[2017/5/11 - 17:48:33] Admin Minh has edited DoorID 2275's type.
[2017/5/26 - 19:59:20] Minh Kiet has edited DoorID 841's Exterior.
[2017/5/26 - 20:00:50] Minh Kiet has deleted DoorID 841.
[2017/5/28 - 18:20:29] Minh Kiet has edited DoorID 749's Exterior.
[2017/5/28 - 18:20:44] Minh Kiet has edited DoorID 749's Interior.
[2017/5/28 - 18:20:55] Minh Kiet has edited DoorID 749's Exterior.
[2017/5/28 - 18:20:58] Minh Kiet has edited DoorID 749's Exterior.
[2017/5/28 - 20:21:18] Minh Kiet has deleted DoorID 1766.
[2017/5/28 - 20:21:28] Minh Kiet has deleted DoorID 1553.
[2017/5/28 - 20:21:51] Minh Kiet has deleted DoorID 575.
[2017/5/30 - 18:31:05] Minh Kiet has deleted DoorID 2161.
[2017/5/30 - 18:31:10] Minh Kiet has deleted DoorID 2162.
[2017/6/3 - 18:10:33] Minh Kiet has deleted DoorID 1727.
[2017/6/3 - 19:35:24] Minh Kiet has deleted DoorID 2098.
[2017/6/4 - 17:32:15] Henry w has deleted DoorID 748.
[2017/6/5 - 19:54:38] Minh Kiet has edited DoorID 150's Interior.
[2017/6/5 - 19:55:17] Minh Kiet has edited DoorID 150's Color.
[2017/6/5 - 19:55:19] Minh Kiet has edited DoorID 150's Color.
[2017/6/5 - 19:55:21] Minh Kiet has edited DoorID 150's Color.
[2017/6/5 - 19:55:23] Minh Kiet has edited DoorID 150's Color.
[2017/6/5 - 19:55:24] Minh Kiet has edited DoorID 150's Color.
[2017/6/5 - 19:55:26] Minh Kiet has edited DoorID 150's Color.
[2017/6/5 - 19:55:29] Minh Kiet has edited DoorID 150's Color.
[2017/6/5 - 20:00:52] Minh Kiet has deleted DoorID 2392.
[2017/6/5 - 20:00:59] Minh Kiet has deleted DoorID 1171.
[2017/6/5 - 20:01:07] Minh Kiet has deleted DoorID 113.
[2017/6/5 - 20:01:40] Minh Kiet has deleted DoorID 42.
[2017/6/5 - 20:02:16] Minh Kiet has deleted DoorID 945.
[2017/6/5 - 20:02:20] Minh Kiet has deleted DoorID 1413.
[2017/6/5 - 20:02:24] Minh Kiet has deleted DoorID 1160.
[2017/6/6 - 17:20:50] Minh Kiet has deleted DoorID 526.
[2017/6/6 - 17:20:54] Minh Kiet has deleted DoorID 122.
[2017/6/6 - 17:20:59] Minh Kiet has deleted DoorID 719.
[2017/6/6 - 17:21:09] Minh Kiet has deleted DoorID 229.
[2017/6/6 - 17:21:27] Minh Kiet has deleted DoorID 1856.
[2017/6/6 - 17:21:30] Minh Kiet has deleted DoorID 1217.
