----------------------------------------
Ngay: 7/22/2016 - Thoi gian: 15:0
(1) : 0
(2) Takanashi  Family: 0
(3) None: 0
(4) None: 0
(5) None: 0
(6) None: 0
(7) None: 0
(8) Mafia Amazon: 0
(9) None: 0
(10) None: 0
(11) The Mika XII: 0
(12) None: 0
(13) None: 0
(14) Khong Co: 0
(15) Khong Co: 0
(16) None: 0
(17) None: 0
----------------------------------------
Ngay: 7/27/2016 - Thoi gian: 22:0
(1) : 0
(2) Takanashi  Family: 0
(3) None: 0
(4) None: 0
(5) None: 0
(6) None: 0
(7) None: 0
(8) Mafia Amazon: 0
(9) None: 0
(10) None: 0
(11) The Mika XII: 0
(12) None: 0
(13) None: 0
(14) Khong Co: 0
(15) Khong Co: 0
(16) None: 0
(17) None: 0
----------------------------------------
Ngay: 7/28/2016 - Thoi gian: 9:0
(1) : 0
(2) Takanashi  Family: 0
(3) None: 0
(4) None: 0
(5) None: 0
(6) None: 0
(7) None: 0
(8) Mafia Amazon: 0
(9) None: 0
(10) None: 0
(11) The Mika XII: 0
(12) None: 0
(13) None: 0
(14) Khong Co: 0
(15) Khong Co: 0
(16) None: 0
(17) None: 0
----------------------------------------
Ngay: 7/30/2016 - Thoi gian: 21:0
(1) : 0
(2) Takanashi  Family: 0
(3) None: 0
(4) None: 0
(5) None: 0
(6) None: 0
(7) None: 0
(8) Mafia Amazon: 0
(9) None: 0
(10) None: 0
(11) The Mika XII: 0
(12) None: 0
(13) None: 0
(14) Khong Co: 0
(15) Khong Co: 0
(16) None: 0
(17) None: 0
----------------------------------------
Ngay: 7/31/2016 - Thoi gian: 22:0
(1) : 0
(2) Takanashi  Family: 0
(3) None: 0
(4) None: 0
(5) None: 0
(6) None: 0
(7) None: 0
(8) Mafia Amazon: 0
(9) None: 0
(10) None: 0
(11) The Mika XII: 0
(12) None: 0
(13) None: 0
(14) Khong Co: 0
(15) Khong Co: 0
(16) None: 0
(17) None: 0
----------------------------------------
Ngay: 8/1/2016 - Thoi gian: 11:0
(1) : 0
(2) Takanashi  Family: 0
(3) None: 0
(4) None: 0
(5) None: 0
(6) None: 0
(7) None: 0
(8) Mafia Amazon: 0
(9) None: 0
(10) None: 0
(11) The Mika XII: 0
(12) None: 0
(13) None: 0
(14) Khong Co: 0
(15) Khong Co: 0
(16) None: 0
(17) None: 0
----------------------------------------
Ngay: 8/14/2016 - Thoi gian: 11:0
(1) : 0
(2) Takanashi  Family: 0
(3) None: 0
(4) None: 0
(5) None: 0
(6) None: 0
(7) None: 0
(8) Mafia Amazon: 0
(9) None: 0
(10) None: 0
(11) The Mika XII: 0
(12) None: 0
(13) None: 0
(14) Khong Co: 0
(15) Khong Co: 0
(16) None: 0
(17) None: 0
----------------------------------------
Ngay: 8/14/2016 - Thoi gian: 18:0
(1) : 0
(2) Takanashi  Family: 0
(3) None: 0
(4) None: 0
(5) None: 0
(6) None: 0
(7) None: 0
(8) Mafia Amazon: 0
(9) None: 0
(10) None: 0
(11) The Mika XII: 0
(12) None: 0
(13) None: 0
(14) Khong Co: 0
(15) Khong Co: 0
(16) None: 0
(17) None: 0
----------------------------------------
Ngay: 8/27/2016 - Thoi gian: 20:0
(1) : 0
(2) Takanashi  Family: 0
(3) None: 0
(4) None: 0
(5) None: 0
(6) None: 0
(7) None: 0
(8) Mafia Amazon: 0
(9) None: 0
(10) None: 0
(11) The Mika XII: 0
(12) None: 0
(13) None: 0
(14) Khong Co: 0
(15) Khong Co: 0
(16) None: 0
(17) None: 0
----------------------------------------
Ngay: 8/28/2016 - Thoi gian: 21:1
(1) : 0
(2) : 0
(3) : 0
(4) : 0
(5) : 0
(6) : 0
(7) : 0
(8) : 0
(9) : 0
(10) : 0
(11) : 0
(12) : 0
(13) : 0
(14) : 0
(15) : 0
(16) : 0
(17) : 0
----------------------------------------
Ngay: 9/19/2016 - Thoi gian: 12:0
(1) : 0
(2) : 0
(3) : 0
(4) : 0
(5) : 0
(6) : 0
(7) : 0
(8) : 0
(9) : 0
(10) : 0
(11) : 0
(12) : 0
(13) : 0
(14) : 0
(15) : 0
(16) : 0
(17) : 0
----------------------------------------
Ngay: 9/19/2016 - Thoi gian: 13:1
(1) : 0
(2) : 0
(3) : 0
(4) : 0
(5) : 0
(6) : 0
(7) : 0
(8) : 0
(9) : 0
(10) : 0
(11) : 0
(12) : 0
(13) : 0
(14) : 0
(15) : 0
(16) : 0
(17) : 0
----------------------------------------
Ngay: 4/8/2017 - Thoi gian: 18:1
(1) : 0
(2) Takanashi  Family: 0
(3) None: 0
(4) None: 0
(5) None: 0
(6) None: 0
(7) None: 0
(8) Mafia Amazon: 0
(9) None: 0
(10) None: 0
(11) The Mika XII: 0
(12) None: 0
(13) None: 0
(14) Khong Co: 0
(15) Khong Co: 0
(16) None: 0
(17) None: 0
----------------------------------------
Ngay: 4/8/2017 - Thoi gian: 19:0
(1) : 0
(2) Takanashi  Family: 0
(3) None: 0
(4) None: 0
(5) None: 0
(6) None: 0
(7) None: 0
(8) Mafia Amazon: 0
(9) None: 0
(10) None: 0
(11) The Mika XII: 0
(12) None: 0
(13) None: 0
(14) Khong Co: 0
(15) Khong Co: 0
(16) None: 0
(17) None: 0
----------------------------------------
Ngay: 4/9/2017 - Thoi gian: 14:0
(1) : 0
(2) Takanashi  Family: 0
(3) None: 0
(4) None: 0
(5) None: 0
(6) None: 0
(7) None: 0
(8) Mafia Amazon: 0
(9) None: 0
(10) None: 0
(11) The Mika XII: 0
(12) None: 0
(13) None: 0
(14) Khong Co: 0
(15) Khong Co: 0
(16) None: 0
(17) None: 0
----------------------------------------
Ngay: 4/9/2017 - Thoi gian: 19:0
(1) : 0
(2) Takanashi  Family: 0
(3) None: 0
(4) None: 0
(5) None: 0
(6) None: 0
(7) None: 0
(8) Mafia Amazon: 0
(9) None: 0
(10) None: 0
(11) The Mika XII: 0
(12) None: 0
(13) None: 0
(14) Khong Co: 0
(15) Khong Co: 0
(16) None: 0
(17) None: 0
----------------------------------------
Ngay: 4/9/2017 - Thoi gian: 21:0
(1) : 0
(2) Takanashi  Family: 0
(3) None: 0
(4) None: 0
(5) None: 0
(6) None: 0
(7) None: 0
(8) Mafia Amazon: 0
(9) None: 0
(10) None: 0
(11) The Mika XII: 0
(12) None: 0
(13) None: 0
(14) Khong Co: 0
(15) Khong Co: 0
(16) None: 0
(17) None: 0
----------------------------------------
Ngay: 4/10/2017 - Thoi gian: 20:0
(1) : 0
(2) Takanashi  Family: 0
(3) None: 0
(4) None: 0
(5) None: 0
(6) None: 0
(7) None: 0
(8) Mafia Amazon: 0
(9) None: 0
(10) None: 0
(11) The Mika XII: 0
(12) None: 0
(13) None: 0
(14) Khong Co: 0
(15) Khong Co: 0
(16) None: 0
(17) None: 0
----------------------------------------
Ngay: 4/13/2017 - Thoi gian: 19:0
(1) : 0
(2) : 0
(3) : 0
(4) : 0
(5) : 0
(6) : 0
(7) : 0
(8) : 0
(9) : 0
(10) : 0
(11) : 0
(12) : 0
(13) : 0
(14) : 0
(15) : 0
(16) : 0
(17) : 0
----------------------------------------
Ngay: 4/29/2017 - Thoi gian: 19:0
(1) : 0
(2) : 0
(3) : 0
(4) : 0
(5) : 0
(6) : 0
(7) : 0
(8) : 0
(9) : 0
(10) : 0
(11) : 0
(12) : 0
(13) : 0
(14) : 0
(15) : 0
(16) : 0
(17) : 0
----------------------------------------
Ngay: 4/29/2017 - Thoi gian: 20:0
(1) : 0
(2) : 0
(3) : 0
(4) : 0
(5) : 0
(6) : 0
(7) : 0
(8) : 0
(9) : 0
(10) : 0
(11) : 0
(12) : 0
(13) : 0
(14) : 0
(15) : 0
(16) : 0
(17) : 0
----------------------------------------
Ngay: 5/9/2017 - Thoi gian: 18:0
(1) : 0
(2) : 0
(3) : 0
(4) : 0
(5) : 0
(6) : 0
(7) : 0
(8) : 0
(9) : 0
(10) : 0
(11) : 0
(12) : 0
(13) : 0
(14) : 0
(15) : 0
(16) : 0
(17) : 0
----------------------------------------
Ngay: 5/9/2017 - Thoi gian: 20:0
(1) : 0
(2) : 0
(3) : 0
(4) : 0
(5) : 0
(6) : 0
(7) : 0
(8) : 0
(9) : 0
(10) : 0
(11) : 0
(12) : 0
(13) : 0
(14) : 0
(15) : 0
(16) : 0
(17) : 0
----------------------------------------
Ngay: 5/11/2017 - Thoi gian: 20:0
(1) : 0
(2) : 0
(3) : 0
(4) : 0
(5) : 0
(6) : 0
(7) : 0
(8) : 0
(9) : 0
(10) : 0
(11) : 0
(12) : 0
(13) : 0
(14) : 0
(15) : 0
(16) : 0
(17) : 0
----------------------------------------
Ngay: 5/12/2017 - Thoi gian: 19:0
(1) : 0
(2) : 0
(3) : 0
(4) : 0
(5) : 0
(6) : 0
(7) : 0
(8) : 0
(9) : 0
(10) : 0
(11) : 0
(12) : 0
(13) : 0
(14) : 0
(15) : 0
(16) : 0
(17) : 0
----------------------------------------
Ngay: 5/13/2017 - Thoi gian: 18:0
(1) : 0
(2) : 0
(3) : 0
(4) : 0
(5) : 0
(6) : 0
(7) : 0
(8) : 0
(9) : 0
(10) : 0
(11) : 0
(12) : 0
(13) : 0
(14) : 0
(15) : 0
(16) : 0
(17) : 0
----------------------------------------
Ngay: 5/13/2017 - Thoi gian: 19:0
(1) : 0
(2) : 0
(3) : 0
(4) : 0
(5) : 0
(6) : 0
(7) : 0
(8) : 0
(9) : 0
(10) : 0
(11) : 0
(12) : 0
(13) : 0
(14) : 0
(15) : 0
(16) : 0
(17) : 0
----------------------------------------
Ngay: 5/13/2017 - Thoi gian: 20:0
(1) : 0
(2) : 0
(3) : 0
(4) : 0
(5) : 0
(6) : 0
(7) : 0
(8) : 0
(9) : 0
(10) : 0
(11) : 0
(12) : 0
(13) : 0
(14) : 0
(15) : 0
(16) : 0
(17) : 0
----------------------------------------
Ngay: 5/14/2017 - Thoi gian: 14:0
(1) : 0
(2) : 0
(3) : 0
(4) : 0
(5) : 0
(6) : 0
(7) : 0
(8) : 0
(9) : 0
(10) : 0
(11) : 0
(12) : 0
(13) : 0
(14) : 0
(15) : 0
(16) : 0
(17) : 0
----------------------------------------
Ngay: 5/14/2017 - Thoi gian: 15:0
(1) : 0
(2) : 0
(3) : 0
(4) : 0
(5) : 0
(6) : 0
(7) : 0
(8) : 0
(9) : 0
(10) : 0
(11) : 0
(12) : 0
(13) : 0
(14) : 0
(15) : 0
(16) : 0
(17) : 0
----------------------------------------
Ngay: 5/14/2017 - Thoi gian: 17:0
(1) : 0
(2) : 0
(3) : 0
(4) : 0
(5) : 0
(6) : 0
(7) : 0
(8) : 0
(9) : 0
(10) : 0
(11) : 0
(12) : 0
(13) : 0
(14) : 0
(15) : 0
(16) : 0
(17) : 0
----------------------------------------
Ngay: 5/14/2017 - Thoi gian: 18:1
(1) : 0
(2) : 0
(3) : 0
(4) : 0
(5) : 0
(6) : 0
(7) : 0
(8) : 0
(9) : 0
(10) : 0
(11) : 0
(12) : 0
(13) : 0
(14) : 0
(15) : 0
(16) : 0
(17) : 0
----------------------------------------
Ngay: 5/14/2017 - Thoi gian: 19:0
(1) : 0
(2) : 0
(3) : 0
(4) : 0
(5) : 0
(6) : 0
(7) : 0
(8) : 0
(9) : 0
(10) : 0
(11) : 0
(12) : 0
(13) : 0
(14) : 0
(15) : 0
(16) : 0
(17) : 0
----------------------------------------
Ngay: 5/25/2017 - Thoi gian: 20:0
(1) : 0
(2) : 0
(3) : 0
(4) : 0
(5) : 0
(6) : 0
(7) : 0
(8) : 0
(9) : 0
(10) : 0
(11) : 0
(12) : 0
(13) : 0
(14) : 0
(15) : 0
(16) : 0
(17) : 0
----------------------------------------
Ngay: 5/26/2017 - Thoi gian: 20:0
(1) : 0
(2) : 0
(3) : 0
(4) : 0
(5) : 0
(6) : 0
(7) : 0
(8) : 0
(9) : 0
(10) : 0
(11) : 0
(12) : 0
(13) : 0
(14) : 0
(15) : 0
(16) : 0
(17) : 0
----------------------------------------
Ngay: 5/27/2017 - Thoi gian: 18:0
(1) : 0
(2) : 0
(3) : 0
(4) : 0
(5) : 0
(6) : 0
(7) : 0
(8) : 0
(9) : 0
(10) : 0
(11) : 0
(12) : 0
(13) : 0
(14) : 0
(15) : 0
(16) : 0
(17) : 0
----------------------------------------
Ngay: 5/28/2017 - Thoi gian: 20:0
(1) : 0
(2) : 0
(3) : 0
(4) : 0
(5) : 0
(6) : 0
(7) : 0
(8) : 0
(9) : 0
(10) : 0
(11) : 0
(12) : 0
(13) : 0
(14) : 0
(15) : 0
(16) : 0
(17) : 0
----------------------------------------
Ngay: 5/29/2017 - Thoi gian: 19:0
(1) : 0
(2) : 0
(3) : 0
(4) : 0
(5) : 0
(6) : 0
(7) : 0
(8) : 0
(9) : 0
(10) : 0
(11) : 0
(12) : 0
(13) : 0
(14) : 0
(15) : 0
(16) : 0
(17) : 0
----------------------------------------
Ngay: 5/30/2017 - Thoi gian: 13:0
(1) : 0
(2) : 0
(3) : 0
(4) : 0
(5) : 0
(6) : 0
(7) : 0
(8) : 0
(9) : 0
(10) : 0
(11) : 0
(12) : 0
(13) : 0
(14) : 0
(15) : 0
(16) : 0
(17) : 0
----------------------------------------
Ngay: 5/30/2017 - Thoi gian: 19:0
(1) : 0
(2) : 0
(3) : 0
(4) : 0
(5) : 0
(6) : 0
(7) : 0
(8) : 0
(9) : 0
(10) : 0
(11) : 0
(12) : 0
(13) : 0
(14) : 0
(15) : 0
(16) : 0
(17) : 0
----------------------------------------
Ngay: 5/31/2017 - Thoi gian: 18:0
(1) : 0
(2) : 0
(3) : 0
(4) : 0
(5) : 0
(6) : 0
(7) : 0
(8) : 0
(9) : 0
(10) : 0
(11) : 0
(12) : 0
(13) : 0
(14) : 0
(15) : 0
(16) : 0
(17) : 0
----------------------------------------
Ngay: 5/31/2017 - Thoi gian: 19:0
(1) : 0
(2) : 0
(3) : 0
(4) : 0
(5) : 0
(6) : 0
(7) : 0
(8) : 0
(9) : 0
(10) : 0
(11) : 0
(12) : 0
(13) : 0
(14) : 0
(15) : 0
(16) : 0
(17) : 0
----------------------------------------
Ngay: 6/2/2017 - Thoi gian: 20:1
(1) : 0
(2) : 0
(3) : 0
(4) : 0
(5) : 0
(6) : 0
(7) : 0
(8) : 0
(9) : 0
(10) : 0
(11) : 0
(12) : 0
(13) : 0
(14) : 0
(15) : 0
(16) : 0
(17) : 0
----------------------------------------
Ngay: 6/4/2017 - Thoi gian: 18:0
(1) : 0
(2) : 0
(3) : 0
(4) : 0
(5) : 0
(6) : 0
(7) : 0
(8) : 0
(9) : 0
(10) : 0
(11) : 0
(12) : 0
(13) : 0
(14) : 0
(15) : 0
(16) : 0
(17) : 0
----------------------------------------
Ngay: 6/5/2017 - Thoi gian: 17:0
(1) : 0
(2) : 0
(3) : 0
(4) : 0
(5) : 0
(6) : 0
(7) : 0
(8) : 0
(9) : 0
(10) : 0
(11) : 0
(12) : 0
(13) : 0
(14) : 0
(15) : 0
(16) : 0
(17) : 0
----------------------------------------
Ngay: 6/5/2017 - Thoi gian: 19:0
(1) : 0
(2) : 0
(3) : 0
(4) : 0
(5) : 0
(6) : 0
(7) : 0
(8) : 0
(9) : 0
(10) : 0
(11) : 0
(12) : 0
(13) : 0
(14) : 0
(15) : 0
(16) : 0
(17) : 0
----------------------------------------
Ngay: 6/5/2017 - Thoi gian: 20:0
(1) : 0
(2) : 0
(3) : 0
(4) : 0
(5) : 0
(6) : 0
(7) : 0
(8) : 0
(9) : 0
(10) : 0
(11) : 0
(12) : 0
(13) : 0
(14) : 0
(15) : 0
(16) : 0
(17) : 0
----------------------------------------
Ngay: 6/6/2017 - Thoi gian: 14:0
(1) : 0
(2) : 0
(3) : 0
(4) : 0
(5) : 0
(6) : 0
(7) : 0
(8) : 0
(9) : 0
(10) : 0
(11) : 0
(12) : 0
(13) : 0
(14) : 0
(15) : 0
(16) : 0
(17) : 0
----------------------------------------
Ngay: 6/6/2017 - Thoi gian: 19:0
(1) : 0
(2) : 0
(3) : 0
(4) : 0
(5) : 0
(6) : 0
(7) : 0
(8) : 0
(9) : 0
(10) : 0
(11) : 0
(12) : 0
(13) : 0
(14) : 0
(15) : 0
(16) : 0
(17) : 0
----------------------------------------
Ngay: 6/7/2017 - Thoi gian: 17:0
(1) : 0
(2) : 0
(3) : 0
(4) : 0
(5) : 0
(6) : 0
(7) : 0
(8) : 0
(9) : 0
(10) : 0
(11) : 0
(12) : 0
(13) : 0
(14) : 0
(15) : 0
(16) : 0
(17) : 0
----------------------------------------
Ngay: 6/7/2017 - Thoi gian: 18:1
(1) : 0
(2) : 0
(3) : 0
(4) : 0
(5) : 0
(6) : 0
(7) : 0
(8) : 0
(9) : 0
(10) : 0
(11) : 0
(12) : 0
(13) : 0
(14) : 0
(15) : 0
(16) : 0
(17) : 0
----------------------------------------
Ngay: 6/7/2017 - Thoi gian: 20:0
(1) : 0
(2) : 0
(3) : 0
(4) : 0
(5) : 0
(6) : 0
(7) : 0
(8) : 0
(9) : 0
(10) : 0
(11) : 0
(12) : 0
(13) : 0
(14) : 0
(15) : 0
(16) : 0
(17) : 0
----------------------------------------
Ngay: 6/18/2017 - Thoi gian: 0:0
(1) : 0
(2) : 0
(3) : 0
(4) : 0
(5) : 0
(6) : 0
(7) : 0
(8) : 0
(9) : 0
(10) : 0
(11) : 0
(12) : 0
(13) : 0
(14) : 0
(15) : 0
(16) : 0
(17) : 0
----------------------------------------
Ngay: 6/20/2017 - Thoi gian: 20:0
(1) : 0
(2) : 0
(3) : 0
(4) : 0
(5) : 0
(6) : 0
(7) : 0
(8) : 0
(9) : 0
(10) : 0
(11) : 0
(12) : 0
(13) : 0
(14) : 0
(15) : 0
(16) : 0
(17) : 0
----------------------------------------
Ngay: 6/22/2017 - Thoi gian: 0:0
(1) : 0
(2) : 0
(3) : 0
(4) : 0
(5) : 0
(6) : 0
(7) : 0
(8) : 0
(9) : 0
(10) : 0
(11) : 0
(12) : 0
(13) : 0
(14) : 0
(15) : 0
(16) : 0
(17) : 0
