[2017/4/8 - 19:01:10] David Nam have made David Nam the leader of the LSPD.
[2017/4/9 - 19:55:45] Thien Minh have made Thien Minh the leader of the LSPD.
[2017/4/10 - 17:35:42] David Nam have made David Nam the leader of the LSPD.
[2017/4/10 - 17:49:45] Minh Kiet have made Minh Kiet the leader of the LSPD.
[2017/4/13 - 17:52:36] Minh Huy have made Minh Huy the leader of the LSPD.
[2017/4/14 - 18:36:50] Admin Minh have made Admin Minh the leader of the LSPD.
[2017/4/14 - 18:38:22] Admin Minh have made Admin Minh the leader of the LSPD.
[2017/4/14 - 18:52:49] Admin Minh have made Admin Minh the leader of the LSPD.
[2017/4/29 - 18:22:09] Admin Minh have made Admin Minh the leader of the LSPD.
[2017/5/10 - 15:11:28] Minh have made Minh the leader of the LSPD.
[2017/5/13 - 17:46:53] Player have made Player the leader of the Tierra Robada.
[2017/5/13 - 17:46:57] Player have made Player the leader of the LSPD.
[2017/5/13 - 18:20:37] Player have made Player the leader of the LSPD.
[2017/5/26 - 19:50:59] Minh Kiet have made Minh Kiet the leader of the LSPD.
[2017/5/26 - 19:52:30] Minh Kiet have made Minh Kiet the leader of the Hitman Agency.
[2017/5/26 - 20:03:54] Minh Kiet have made Minh Kiet the leader of the LSPD.
[2017/5/26 - 20:04:40] Minh Kiet have made Minh Kiet the leader of the LSPD.
[2017/5/26 - 20:04:43] Minh Kiet have made Minh Kiet the leader of the Hitman Agency.
[2017/5/27 - 17:59:03] Minh Kiet have made Minh Kiet the leader of the LSPD.
[2017/5/27 - 18:10:23] Minh Kiet have made Minh Kiet the leader of the Hitman Agency.
[2017/5/27 - 18:17:20] Minh Kiet have made Minh Kiet the leader of the LSPD.
[2017/5/27 - 18:29:28] Minh Kiet have made Minh Kiet the leader of the Hitman Agency.
[2017/5/27 - 18:29:53] Minh Tinh have made Minh Tinh the leader of the LSPD.
[2017/5/27 - 18:30:24] Minh Kiet have made Minh Kiet the leader of the Hitman Agency.
[2017/5/27 - 18:30:34] Minh Kiet have made Minh Kiet the leader of the LSPD.
[2017/5/27 - 18:30:37] Minh Kiet have made Minh Kiet the leader of the Hitman Agency.
[2017/5/27 - 19:37:00] Minh Kiet have made Minh Kiet the leader of the LSPD.
[2017/5/27 - 19:37:10] Minh Kiet have made Minh Kiet the leader of the LSPD.
[2017/5/27 - 20:12:41] Minh Kiet have made Minh Kiet the leader of the LSPD.
[2017/5/28 - 19:28:38] Minh Kiet have made Minh Kiet the leader of the Hitman Agency.
[2017/5/31 - 20:21:18] Minh Kiet have made Minh Kiet the leader of the LSPD.
[2017/5/31 - 20:21:49] Minh Kiet da bo LSPD khoi rank 9
[2017/5/31 - 20:24:33] Minh Kiet have made Minh Kiet the leader of the LSPD.
[2017/5/31 - 20:24:52] Minh Kiet da bo LSPD khoi rank 9
[2017/5/31 - 20:27:18] Minh Kiet have made Minh Kiet the leader of the LSPD.
[2017/5/31 - 20:27:21] Chief of Police Minh Kiet (rank 9) da cho Minh Kiet rank 0 (Cadet) trong LSPD (1).
[2017/5/31 - 20:27:29] Cadet Minh Kiet (rank 0) da cho Minh Kiet rank 0 (Cadet) trong LSPD (1).
[2017/5/31 - 20:29:59] Minh Kiet da bo FBI khoi rank 0
[2017/5/31 - 20:30:08] Minh Kiet da bo FBI khoi rank 0
[2017/6/1 - 20:33:50] Minh Lam have made Minh Lam the leader of the LSPD.
[2017/6/1 - 20:33:52] Chief of Police Minh Lam (rank 9) da cho Minh Lam rank 1 (Officer) trong LSPD (1).
[2017/6/3 - 19:10:12] Minh Kiet have made Minh Kiet the leader of the LSPD.
[2017/6/4 - 17:08:39] Henry w have made Henry w the leader of the LSPD.
[2017/6/4 - 17:32:28] Henry w have made Henry w the leader of the LSPD.
[2017/6/4 - 17:49:38] Henry w have made Henry w the leader of the Hitman Agency.
[2017/6/4 - 17:58:57] Henry w have made Henry w the leader of the Hitman Agency.
[2017/6/4 - 18:08:14] Henry w have made Henry w the leader of the LSPD.
[2017/6/4 - 18:08:26] Henry w have made Henry w the leader of the Hitman Agency.
[2017/6/5 - 17:05:18] Minh Kiet have made Minh Kiet the leader of the LSPD.
[2017/6/6 - 17:13:58] Minh Kiet have made Minh Kiet the leader of the LSPD.
[2017/6/6 - 17:15:54] Minh Kiet have made Minh Kiet the leader of the San Andreas.
[2017/6/6 - 17:15:59] Minh Kiet have made Minh Kiet the leader of the Hitman Agency.
[2017/6/6 - 17:16:10] Minh Kiet have made Minh Kiet the leader of the FDSA.
[2017/6/6 - 17:18:05] Minh Kiet have made Minh Kiet the leader of the LSPD.
[2017/6/6 - 17:18:19] Minh Kiet have made Minh Kiet the leader of the FBI.
[2017/6/7 - 16:58:22] Minh Kiet have made Minh Kiet the leader of the LSPD.
[2017/6/7 - 16:58:26] Minh Kiet have made Minh Kiet the leader of the FBI.
[2017/6/7 - 16:58:29] Minh Kiet have made Minh Kiet the leader of the Hitman Agency.
[2017/6/18 - 0:02:03] Minh Kiet have made Minh Kiet the leader of the LSPD.
[2017/6/19 - 15:14:26] Minh Kiest have made Minh Kiest the leader of the LSPD.
[2017/6/20 - 18:42:26] Minh Kiet have made Minh Kiet the leader of the LSPD.
[2017/6/20 - 18:42:51] Minh Kiet has respawned group ID 1 dynamic group vehicles.
[2017/6/20 - 20:03:23] Minh Kietr have made Minh Kietr the leader of the Hitman Agency.
