[2016/9/18 - 20:30:59] Thai Nguyen has edited HouseID 0's Exterior. (Before:  0.000000, 0.000000, 0.000000 | After: 1960.201782, -2243.242431, 13.5468
[2016/9/18 - 20:31:13] Thai Nguyen has edited HouseID 1's Exterior. (Before:  0.000000, 0.000000, 0.000000 | After: 1958.760864, -2245.735107, 13.5468
[2016/9/18 - 20:31:21] Thai Nguyen has edited HouseID 2's Exterior. (Before:  0.000000, 0.000000, 0.000000 | After: 1959.337036, -2248.270507, 13.5468
[2016/9/18 - 20:31:22] Thai Nguyen has edited HouseID 3's Exterior. (Before:  0.000000, 0.000000, 0.000000 | After: 1959.337036, -2248.270507, 13.5468
[2016/9/18 - 20:31:24] Thai Nguyen has edited HouseID 4's Exterior. (Before:  0.000000, 0.000000, 0.000000 | After: 1959.337036, -2248.270507, 13.5468
[2016/9/18 - 20:31:25] Thai Nguyen has edited HouseID 5's Exterior. (Before:  0.000000, 0.000000, 0.000000 | After: 1959.337036, -2248.270507, 13.5468
[2016/9/18 - 20:31:27] Thai Nguyen has edited HouseID 6's Exterior. (Before:  0.000000, 0.000000, 0.000000 | After: 1959.337036, -2248.270507, 13.5468
[2016/9/18 - 20:31:28] Thai Nguyen has edited HouseID 7's Exterior. (Before:  0.000000, 0.000000, 0.000000 | After: 1959.337036, -2248.270507, 13.5468
[2016/9/18 - 20:31:29] Thai Nguyen has edited HouseID 8's Exterior. (Before:  0.000000, 0.000000, 0.000000 | After: 1959.337036, -2248.270507, 13.5468
[2016/9/18 - 20:31:31] Thai Nguyen has edited HouseID 9's Exterior. (Before:  0.000000, 0.000000, 0.000000 | After: 1959.337036, -2248.270507, 13.5468
[2016/9/18 - 20:31:33] Thai Nguyen has edited HouseID 10's Exterior. (Before:  0.000000, 0.000000, 0.000000 | After: 1959.337036, -2248.270507, 13.546
[2016/9/18 - 20:31:34] Thai Nguyen has edited HouseID 11's Exterior. (Before:  0.000000, 0.000000, 0.000000 | After: 1959.337036, -2248.270507, 13.546
[2016/9/18 - 20:31:38] Thai Nguyen has edited HouseID 12's Exterior. (Before:  0.000000, 0.000000, 0.000000 | After: 1959.580688, -2248.112548, 13.546
[2016/9/18 - 20:31:40] Thai Nguyen has edited HouseID 13's Exterior. (Before:  0.000000, 0.000000, 0.000000 | After: 1959.580688, -2248.112548, 13.546
[2016/9/18 - 20:31:42] Thai Nguyen has edited HouseID 14's Exterior. (Before:  0.000000, 0.000000, 0.000000 | After: 1959.580688, -2248.112548, 13.546
[2016/9/18 - 20:31:49] Thai Nguyen has edited HouseID 15's Exterior. (Before:  0.000000, 0.000000, 0.000000 | After: 1957.668823, -2250.555664, 13.546
[2016/9/18 - 20:31:51] Thai Nguyen has edited HouseID 17's Exterior. (Before:  0.000000, 0.000000, 0.000000 | After: 1957.668823, -2250.555664, 13.546
[2016/9/18 - 20:31:52] Thai Nguyen has edited HouseID 18's Exterior. (Before:  0.000000, 0.000000, 0.000000 | After: 1957.668823, -2250.555664, 13.546
[2016/9/18 - 20:31:54] Thai Nguyen has edited HouseID 19's Exterior. (Before:  0.000000, 0.000000, 0.000000 | After: 1957.668823, -2250.555664, 13.546
[2016/9/18 - 20:31:56] Thai Nguyen has edited HouseID 20's Exterior. (Before:  0.000000, 0.000000, 0.000000 | After: 1957.668823, -2250.555664, 13.546
[2016/9/18 - 20:31:57] Thai Nguyen has edited HouseID 21's Exterior. (Before:  0.000000, 0.000000, 0.000000 | After: 1957.668823, -2250.555664, 13.546
[2016/9/18 - 20:31:58] Thai Nguyen has edited HouseID 22's Exterior. (Before:  0.000000, 0.000000, 0.000000 | After: 1957.668823, -2250.555664, 13.546
[2016/9/18 - 20:31:59] Thai Nguyen has edited HouseID 23's Exterior. (Before:  0.000000, 0.000000, 0.000000 | After: 1957.668823, -2250.555664, 13.546
[2016/9/18 - 20:32:01] Thai Nguyen has edited HouseID 24's Exterior. (Before:  0.000000, 0.000000, 0.000000 | After: 1957.668823, -2250.555664, 13.546
[2016/9/18 - 20:32:03] Thai Nguyen has edited HouseID 25's Exterior. (Before:  0.000000, 0.000000, 0.000000 | After: 1957.668823, -2250.555664, 13.546
[2016/9/18 - 20:32:05] Thai Nguyen has edited HouseID 26's Exterior. (Before:  0.000000, 0.000000, 0.000000 | After: 1957.668823, -2250.555664, 13.546
[2016/9/18 - 20:32:08] Thai Nguyen has edited HouseID 27's Exterior. (Before:  0.000000, 0.000000, 0.000000 | After: 1957.668823, -2250.555664, 13.546
[2016/9/18 - 20:32:09] Thai Nguyen has edited HouseID 28's Exterior. (Before:  0.000000, 0.000000, 0.000000 | After: 1957.668823, -2250.555664, 13.546
[2016/9/18 - 20:32:12] Thai Nguyen has edited HouseID 29's Exterior. (Before:  0.000000, 0.000000, 0.000000 | After: 1957.668823, -2250.555664, 13.546
[2016/9/18 - 20:32:16] Thai Nguyen has edited HouseID 30's Exterior. (Before:  0.000000, 0.000000, 0.000000 | After: 1957.668823, -2250.555664, 13.546
[2016/9/18 - 20:32:17] Thai Nguyen has edited HouseID 31's Exterior. (Before:  0.000000, 0.000000, 0.000000 | After: 1957.668823, -2250.555664, 13.546
[2016/9/18 - 20:32:19] Thai Nguyen has edited HouseID 32's Exterior. (Before:  0.000000, 0.000000, 0.000000 | After: 1957.668823, -2250.555664, 13.546
[2016/9/18 - 20:32:21] Thai Nguyen has edited HouseID 33's Exterior. (Before:  0.000000, 0.000000, 0.000000 | After: 1957.794189, -2250.196777, 13.546
[2016/9/18 - 20:32:22] Thai Nguyen has edited HouseID 34's Exterior. (Before:  0.000000, 0.000000, 0.000000 | After: 1957.794189, -2250.196777, 13.546
[2016/9/18 - 20:32:24] Thai Nguyen has edited HouseID 35's Exterior. (Before:  0.000000, 0.000000, 0.000000 | After: 1957.794189, -2250.196777, 13.546
[2017/5/9 - 18:54:02] Admin Minh has edited HouseID 99's Exterior. (Before:  -2023.934204, 216.716873, 37.055381 | After: 1577.405883, -1583.147583, 
[2017/5/14 - 17:22:29] Player has edited HouseID 12's Exterior. (Before:  823.846923, -1588.611450, 13.554450 | After: 802.435974, -1795.293212, 13.02
[2017/5/14 - 17:22:31] Player has edited HouseID 12's Exterior. (Before:  802.435974, -1795.293212, 13.023437 | After: 802.512390, -1795.506225, 13.02
[2017/5/14 - 17:33:40] Player has edited HouseID 26's Exterior. (Before:  790.944030, -1661.420043, 13.484760 | After: 2072.110107, -1794.141967, 13.5
[2017/5/14 - 17:33:41] Player has edited HouseID 26's Exterior. (Before:  2072.110107, -1794.141967, 13.546875 | After: 2071.322998, -1793.923339, 13.
[2017/5/28 - 18:21:43] Minh Kiet de xoa can nha ID 159.
[2017/5/28 - 18:21:48] Minh Kiet de xoa can nha ID 183.
[2017/5/28 - 18:21:55] Minh Kiet de xoa can nha ID 188.
[2017/5/28 - 18:22:01] Minh Kiet de xoa can nha ID 156.
[2017/5/28 - 20:20:24] Minh Kiet has edited HouseID 0's Price to $.
[2017/5/28 - 20:20:29] Minh Kiet has edited HouseID 50000000's Price to $.
[2017/5/28 - 20:20:32] Minh Kiet has edited HouseID 0's Price to $.
[2017/5/28 - 20:20:55] Minh Kiet de xoa can nha ID 160.
[2017/5/28 - 20:20:59] Minh Kiet de xoa can nha ID 193.
[2017/5/28 - 20:21:01] Minh Kiet de xoa can nha ID 194.
[2017/5/28 - 20:21:03] Minh Kiet de xoa can nha ID 195.
[2017/5/28 - 20:21:04] Minh Kiet de xoa can nha ID 196.
[2017/5/28 - 20:21:05] Minh Kiet de xoa can nha ID 197.
[2017/5/28 - 20:21:08] Minh Kiet de xoa can nha ID 198.
[2017/5/28 - 20:22:16] Minh Kiet de xoa can nha ID 26.
[2017/6/2 - 18:14:42] Henry Wiliam has edited HouseID 0's Exterior. (Before:  0.000000, 0.000000, 0.000000 | After: 2090.544921, -1804.343750, 13.546
[2017/6/2 - 18:16:49] Henry Wiliam has edited HouseID 0's Exterior. (Before:  0.000000, 0.000000, 0.000000 | After: 2092.443359, -1803.544067, 13.548
[2017/6/2 - 18:20:45] Henry Wiliam has edited HouseID 1's Exterior. (Before:  0.000000, 0.000000, 0.000000 | After: 2091.178710, -1813.631103, 13.390
[2017/6/2 - 18:20:48] Henry Wiliam has edited HouseID 100's Exterior. (Before:  0.000000, 0.000000, 0.000000 | After: 2088.871093, -1826.042724, 13.5
[2017/6/2 - 18:20:50] Henry Wiliam has edited HouseID 50's Exterior. (Before:  0.000000, 0.000000, 0.000000 | After: 2086.871826, -1836.788696, 13.54
[2017/6/2 - 18:21:22] Henry Wiliam has edited HouseID 1's Exterior. (Before:  2091.178710, -1813.631103, 13.390432 | After: 2099.777343, -1809.804931
[2017/6/2 - 18:21:24] Henry Wiliam has edited HouseID 1's Exterior. (Before:  2099.777343, -1809.804931, 13.554687 | After: 2102.998535, -1809.817993
[2017/6/2 - 18:21:36] Henry Wiliam has edited HouseID 1's Exterior. (Before:  2102.998535, -1809.817993, 13.554687 | After: 1529.599975, -1691.199951
[2017/6/2 - 18:26:50] Henry Wiliam has edited HouseID 1's Exterior. (Before:  0.000000, 0.000000, 0.000000 | After: 2089.543212, -1807.715576, 13.546
[2017/6/2 - 18:26:52] Henry Wiliam has edited HouseID 50's Exterior. (Before:  0.000000, 0.000000, 0.000000 | After: 2084.183837, -1814.746459, 13.38
[2017/6/2 - 18:26:55] Henry Wiliam has edited HouseID 100's Exterior. (Before:  0.000000, 0.000000, 0.000000 | After: 2085.399414, -1820.766357, 14.1
[2017/6/2 - 19:23:07] Henry Wiliam has edited HouseID 0's Exterior. (Before:  353.048004, -5611.677246, 1375.707397 | After: 2082.603759, -1811.15808
[2017/6/2 - 19:24:34] Henry Wiliam de xoa can nha ID 0.
[2017/6/2 - 19:24:54] Henry Wiliam has edited HouseID 1's Exterior. (Before:  0.000000, 0.000000, 0.000000 | After: 2090.484619, -1812.722167, 13.390
[2017/6/2 - 19:34:40] Henry Wiliam has edited HouseID 1's Exterior. (Before:  0.000000, 0.000000, 0.000000 | After: 2094.293945, -1804.506347, 13.550
[2017/6/2 - 19:34:48] Henry Wiliam de xoa can nha ID 0.
[2017/6/2 - 19:36:32] Henry Wiliam has edited HouseID 1's Interior. (Before:  0.000000, 0.000000, 0.000000 | After: 1592.825317, -1744.932250, 1441.1
[2017/6/2 - 19:36:33] Henry Wiliam has edited HouseID 1's Interior. (Before:  1592.825317, -1744.932250, 1441.199951 | After: 1592.825317, -1744.9322
[2017/6/2 - 19:36:54] Henry Wiliam has edited HouseID 1's Interior. (Before:  1592.825317, -1744.932250, 1441.199951 | After: 1608.007202, -1739.9741
[2017/6/2 - 19:37:01] Henry Wiliam has edited HouseID 1's Interior. (Before:  1608.007202, -1739.974121, 1441.199951 | After: 1608.240234, -1739.1875
[2017/6/2 - 19:49:19] Henry Wiliam has edited HouseID 1's Exterior. (Before:  0.000000, 0.000000, 0.000000 | After: 2096.228271, -1808.405151, 13.552
[2017/6/2 - 19:49:22] Henry Wiliam has edited HouseID 0's Exterior. (Before:  0.000000, 0.000000, 0.000000 | After: 2095.016357, -1811.617675, 13.551
[2017/6/2 - 19:49:26] Henry Wiliam has edited HouseID 50's Exterior. (Before:  0.000000, 0.000000, 0.000000 | After: 2091.633056, -1801.000244, 13.38
[2017/6/2 - 19:49:29] Henry Wiliam has edited HouseID 100's Exterior. (Before:  0.000000, 0.000000, 0.000000 | After: 2091.091308, -1794.032836, 13.3
[2017/6/2 - 20:00:40] Henry Wiliam has edited HouseID 10's Price to $.
[2017/6/2 - 20:08:36] Henry Wiliam has edited HouseID 1's Exterior. (Before:  2096.228271, -1808.405151, 13.552339 | After: 1533.268432, -1699.905761
[2017/6/2 - 20:08:44] Henry Wiliam has edited HouseID 50's Exterior. (Before:  2091.633056, -1801.000244, 13.382809 | After: 1133.709960, -1464.52001
[2017/6/2 - 20:08:52] Henry Wiliam has edited HouseID 100's Exterior. (Before:  2091.091308, -1794.032836, 13.382809 | After: 2196.084960, -2255.1276
[2017/6/5 - 20:02:30] Minh Kiet de xoa can nha ID 11.
[2017/6/6 - 17:24:19] Minh Kiet has edited HouseID 11's Exterior. (Before:  0.000000, 0.000000, 0.000000 | After: 1796.155395, -1585.209228, 13.47171
[2017/6/6 - 17:25:18] Minh Kiet de xoa can nha ID 11.
[2017/6/7 - 16:59:22] Minh Kiet de xoa can nha ID 11.
[2017/6/7 - 20:02:16] Minh Kietyt de xoa can nha ID 11.
[2017/6/17 - 23:20:22] Minh Kiet de xoa can nha ID 11.
[2017/6/18 - 0:04:47] Minh Kiet has edited HouseID 11's Exterior. (Before:  1796.155395, -1585.209228, 13.471719 | After: 1797.393188, -1586.388061, 
[2017/6/18 - 0:04:50] Minh Kiet has edited HouseID 11's Exterior. (Before:  1797.393188, -1586.388061, 13.489657 | After: 1529.599975, -1691.199951, 
[2017/6/18 - 0:04:58] Minh Kiet has edited HouseID 11's Exterior. (Before:  1529.599975, -1691.199951, 13.382812 | After: 1545.764892, -1714.802001, 
[2017/6/18 - 15:46:27] Minh Kiet has edited HouseID 1's Exterior. (Before:  125.765289, -916.940063, 3.424690 | After: 1809.475708, -1601.265502, 13.5
[2017/6/18 - 15:46:38] Minh Kiet has edited HouseID 1's Interior. (Before:  447.063781, 1397.063964, 1084.304687 | After: 235.339996, 1186.680053, 108
[2017/6/20 - 18:08:27] Minh Kiet de xoa can nha ID 11.
[2017/6/20 - 18:09:24] Minh Kiet has edited HouseID 1's Exterior. (Before:  125.765289, -916.940063, 3.424690 | After: 1813.816162, -1578.553588, 13.5
[2017/6/20 - 18:09:33] Minh Kiet has edited HouseID 1's Exterior. (Before:  1813.816162, -1578.553588, 13.546875 | After: 2073.250000, -1794.751953, 1
[2017/6/20 - 18:09:35] Minh Kiet has edited HouseID 1's Exterior. (Before:  2073.250000, -1794.751953, 13.546875 | After: 2071.267089, -1793.849121, 1
