[2016/4/7 - 9:23:49] Bao Aztecas has IP Checked ANH Assassin
[2016/4/8 - 14:34:57] Bao Aztecas has IP Checked Amelo Cocooo
[2016/4/8 - 15:54:14] Bao Aztecas has IP Checked Truong Hoang Tuann
[2016/4/10 - 20:55:52] Kenny Sang has IP Checked Yakuza Nam
[2016/4/10 - 20:56:08] Kenny Sang has IP Checked Yakuza Nam
[2016/4/10 - 20:56:16] Kenny Sang has IP Checked Yakuza Nam
[2016/4/10 - 20:56:21] Kenny Sang has IP Checked Yakuza Nam
[2016/4/10 - 20:59:05] Bao Thang has IP Checked Jerry Erwin
[2016/4/11 - 13:45:44] Forever TOppi has IP Checked Frozen Trung
[2016/4/11 - 14:11:17] Forever TOppi has IP Checked Frozen Hau
[2016/4/11 - 14:44:19] Forever TOppi has IP Checked Frozen Hau
[2016/4/13 - 10:02:02] Borther Jerry has IP Checked Arytom Jonathan
[2016/4/14 - 19:57:57] Boy Hardy has IP Checked Tom Williams
[2016/4/14 - 19:59:04] Boy Hardy has IP Checked Tom Williams
[2016/4/15 - 12:57:54] Club Stone has IP Checked Giang Luong
[2016/4/15 - 12:59:41] Club Stone has IP Checked Giang Luong
[2016/4/15 - 13:01:07] Club Stone has IP Checked Giang Luong
[2016/4/15 - 14:09:08] Shane Aztecas has IP Checked Giang
[2016/4/15 - 23:45:20] Paul has IP Checked Ralph Mortimer
[2016/4/15 - 23:45:23] Paul has IP Checked Paul
[2016/4/17 - 10:32:50] Toppi has IP Checked em s Buzikk
[2016/4/17 - 19:58:21] Cristiano ROnaldo has IP Checked Long Bin
[2016/4/17 - 20:05:28] Club Stone has IP Checked Swang Kiven
[2016/4/17 - 20:12:23] Club Stone has IP Checked Suu Trau
[2016/4/17 - 20:12:24] Club Stone has IP Checked Suu Trau
[2016/4/17 - 20:22:30] Club Stone has IP Checked Eazy ThugS
[2016/4/17 - 20:23:41] Club Stone has IP Checked King Royal
[2016/4/17 - 20:31:50] Club Stone has IP Checked MXking Quan
[2016/4/17 - 20:32:31] Club Stone has IP Checked MXking Quan
[2016/4/17 - 20:33:59] Club Stone has IP Checked MXking Quan
[2016/4/17 - 20:34:38] Cristiano ROnaldo has IP Checked MXking Quan
[2016/4/17 - 20:34:40] Cristiano ROnaldo has IP Checked MXking Quan
[2016/4/17 - 20:34:41] Cristiano ROnaldo has IP Checked MXking Quan
[2016/4/17 - 20:39:32] Club Stone has IP Checked MXking Quan
[2016/4/17 - 20:39:49] Club Stone has IP Checked MXking Quan
[2016/4/17 - 20:40:25] Club Stone has IP Checked MXking Quan
[2016/4/17 - 22:20:59] Pen Staff has IP Checked Mafia Smith
[2016/4/17 - 23:00:10] LTT Dung has IP Checked Minh NguyenTri
[2016/4/18 - 9:12:46] Pym has IP Checked MXking Quan
[2016/4/18 - 9:12:49] Pym has IP Checked Mr Jokers 
[2016/4/18 - 10:51:18] Toppi has IP Checked Robin Nicolas
[2016/4/18 - 11:51:23] Cristiano Ronaldo has IP Checked Pharaoh Richard
[2016/4/18 - 11:51:24] Cristiano Ronaldo has IP Checked Club Stone
[2016/4/18 - 20:44:33] Cristiano Ronaldo has IP Checked Mr Jokers
[2016/4/18 - 22:08:51] Pen  has IP Checked Cong Thanh
[2016/4/19 - 8:35:28] Pen  has IP Checked Dangerous Max
[2016/4/19 - 11:11:18] Kexing has IP Checked Nicky Naude
[2016/4/19 - 11:11:39] Kexing has IP Checked Nicky Naude
[2016/4/19 - 11:14:20] Kexing has IP Checked Nicky Naude
[2016/4/19 - 14:22:11] Tamao  has IP Checked Pablo Escobar
[2016/4/20 - 21:08:54] Mark has IP Checked Blue Ken Geramay
[2016/4/21 - 14:26:57] Mark Bennett has IP Checked Grover KuTos
[2016/4/21 - 14:28:48] Mark Bennett has IP Checked Grover KuTos
[2016/4/21 - 14:30:19] Mark Bennett has IP Checked Grover KuTos
[2016/4/21 - 23:08:50] Kexing has IP Checked William
[2016/4/21 - 23:08:53] Kexing has IP Checked Kexing
[2016/4/21 - 23:09:43] Rio has IP Checked Rio
[2016/4/22 - 8:23:48] Pen  has IP Checked Dieu Lynh
[2016/4/22 - 12:37:43] Mark Bennett has IP Checked Thang Toan
[2016/4/22 - 15:32:37] Hung By has IP Checked lethaiminh khoi
[2016/4/22 - 17:17:50] Rio has IP Checked Chi Chuot
[2016/4/22 - 17:36:40] Club Stone has IP Checked LaMinh Tu
[2016/4/22 - 20:55:50] Cristiano Ronaldo has IP Checked anh kail
[2016/4/23 - 10:45:16] Mark Bennett has IP Checked Linh Ngao
[2016/4/23 - 12:34:06] Club Stone has IP Checked Leck Smithker
[2016/4/23 - 14:47:09] Club Stone has IP Checked Zeous Robeo
[2016/4/24 - 2:48:07] Club Stone has IP Checked Ngoc Anhss
[2016/4/24 - 2:48:09] Club Stone has IP Checked Dieu Linh
[2016/4/24 - 9:13:51] Mark Bennett has IP Checked Lam Mendicity
[2016/4/24 - 9:13:53] Mark Bennett has IP Checked Bin Nn
[2016/4/24 - 18:07:06] Giang Luong has IP Checked Joseph Bufford
[2016/4/26 - 2:06:18] Kexing has IP Checked Hieu Loc
[2016/4/26 - 14:22:37] Derek has IP Checked Supper Soi
[2016/4/27 - 2:28:51] Lome has IP Checked Micheal Scofied
[2016/4/28 - 11:49:38] Giang has IP Checked Anh Nghia Pro
[2018/1/7 - 12:44:33] Ro bot has IP Checked TrungS_Black
[2018/1/7 - 13:07:12] Adu has IP Checked Nhatt Dz
[2018/1/7 - 14:17:24] Doom has IP Checked Alaners Harrison
[2018/1/7 - 14:49:48] RO BOT has IP Checked Thomas_Alex
[2018/1/7 - 15:02:48] Linh.Phan has IP Checked Bons Black
[2018/1/7 - 15:07:09] Anna has IP Checked Jonathan Fisk
[2018/1/7 - 15:07:34] Anna has IP Checked Maco BapDz
[2018/1/7 - 15:11:55] Anna has IP Checked Shin Ga
[2018/1/7 - 15:31:54] Anna has IP Checked Perter Duy
[2018/1/7 - 15:40:07] Anna has IP Checked Hacker Gta
[2018/1/7 - 16:06:26] Adu has IP Checked Nam Hoang
[2018/1/7 - 16:06:35] Adu has IP Checked Nam Hoang
[2018/1/7 - 16:07:23] Adu has IP Checked David AlR
[2018/1/7 - 16:09:41] Adu has IP Checked Rays WilliamS
[2018/1/7 - 16:13:16] Noo Dep Trai has IP Checked Tan GiaKun
[2018/1/7 - 16:22:27] TranHoang Long has IP Checked Phuong Lam
[2018/1/7 - 16:59:26] Alexander Harrison has IP Checked Real_Rap
[2018/1/7 - 17:34:37] Doom has IP Checked Linh mendy
[2018/1/7 - 18:10:32] Adu has IP Checked Kai Ko
[2018/1/7 - 19:12:22] Phan.Hoang.Linh has IP Checked Brack Obama
[2018/1/7 - 20:22:41] Phan.Hoang.Linh has IP Checked Ky.Phong
[2018/1/7 - 20:46:26] PHan.Hoang.Linh has IP Checked Ping Exciter
[2018/1/7 - 20:49:42] Doom has IP Checked Ngoc Phuc
[2018/1/7 - 21:00:23] Doom has IP Checked Phong dz
[2018/1/7 - 21:08:59] Minh DepTrai has IP Checked Van_hUY
[2018/1/7 - 22:02:29] Doom has IP Checked Hoang TAKANASHI
[2018/1/8 - 9:49:05] FRANK has IP Checked Phat_Gamerx
[2018/1/8 - 9:50:29] Doom has IP Checked dinet tan
[2018/1/8 - 9:55:04] Doom has IP Checked Kakare Sie
[2018/1/8 - 9:55:31] Nick Shank has IP Checked Kakare_Sie
[2018/1/8 - 9:55:38] Nick Shank has IP Checked Frank
[2018/1/8 - 9:57:20] Doom has IP Checked NguyenThanh Nguyen
[2018/1/8 - 9:57:45] FRANK has IP Checked Kun_Lua_Mach
[2018/1/8 - 10:14:29] Doom has IP Checked Robert William
[2018/1/8 - 10:56:06] Toppi has IP Checked Home Hoang
[2018/1/8 - 12:30:16] Frank has IP Checked Ho_Phu_Thang
[2018/1/8 - 14:45:51] Khiem has IP Checked Micheal S
[2018/1/8 - 16:23:00] Ro Bot has IP Checked Biin
[2018/1/8 - 16:23:06] Ro Bot has IP Checked Piin
[2018/1/8 - 16:32:17] Leg Dream has IP Checked Rin Play
[2018/1/8 - 16:38:50] Ky.Phong has IP Checked Phan danggia
[2018/1/8 - 17:18:34] RO BOT has IP Checked Trong_Phuc
[2018/1/8 - 17:38:41] PhamVan Truong has IP Checked Lun Nguyen
[2018/1/8 - 17:41:54] Leg Dream has IP Checked Evans.H PCK
[2018/1/8 - 18:39:23] Phan.Hoang.Linh has IP Checked Ky.Phong
[2018/1/8 - 18:52:08] Minh DepTrai. has IP Checked Biin
[2018/1/8 - 18:55:28] Phan.Hoang.Linh has IP Checked Joker Exciter
[2018/1/8 - 19:41:42] Phan.Hoang.Linh has IP Checked MonKeyD Garp
[2018/1/8 - 19:49:00] [Cmotd] Pin.Map has IP Checked tao pro
[2018/1/8 - 19:51:30] [Cmotd] Pin.Map has IP Checked Khanh DepTrai
[2018/1/8 - 19:55:36] [Cmotd] Pin.Map has IP Checked tao pro
[2018/1/8 - 19:56:02] [Cmotd] Pin.Map has IP Checked LaLa School
[2018/1/8 - 19:56:44] [Cmotd] Pin.Map has IP Checked Mickey Gunny
[2018/1/8 - 19:57:56] [Eshop] Noo has IP Checked Jeremy Matthew
[2018/1/8 - 19:58:35] Doom has IP Checked Huynh.Trung Kien
[2018/1/8 - 20:05:37] RO BOT has IP Checked Gerrart_Nicolas
[2018/1/8 - 20:16:43] [Eshop] Noo has IP Checked Chuong Toan
[2018/1/8 - 20:16:55] [Eshop] Noo has IP Checked Nhok Rock 0
[2018/1/8 - 20:32:56] [Eshop] Noo has IP Checked Pick Killer 0
[2018/1/8 - 20:32:56] [Eshop] Noo has IP Checked Pick Killer 0
[2018/1/8 - 20:32:57] [Eshop] Noo has IP Checked Pick Killer 0
[2018/1/8 - 21:25:38] RO BOT has IP Checked Lucky_Luciano
[2018/1/9 - 9:21:05] Nguyen DuyPhuong has IP Checked Sup Boc
[2018/1/9 - 9:31:16] RO BOT has IP Checked Moc_Hoa
[2018/1/9 - 9:40:25] PKP has IP Checked Nguyen DuyPhuong
[2018/1/9 - 9:40:29] PKP has IP Checked PKP
[2018/1/9 - 9:40:52] PKP has IP Checked NguyenDuy Phuong
[2018/1/9 - 12:41:01] Phan.HoangLinh has IP Checked Gon Mario
[2018/1/9 - 18:25:35] Phan.Hoang.Linh. has IP Checked Lucky Luciano
[2018/1/9 - 19:48:23] Leg Dream has IP Checked Adam Phong
[2018/1/9 - 20:13:25] NULL has IP Checked Karaba Exciter
[2018/1/9 - 20:15:14] NULL has IP Checked Ping Exciter
[2018/1/9 - 20:54:09] Phan.Hoang.Linh has IP Checked Doom
[2018/1/9 - 21:23:13] [Eshop] Noo has IP Checked Lucky Luciano
[2018/1/9 - 21:23:14] [Eshop] Noo has IP Checked Lucky Luciano
