[2017/6/4 - 17:11:27] [Thông Bao]:Henry_w dang ket noi toi may chu
[2017/6/4 - 17:13:16] [Thông Bao]:Henry_w dang ket noi toi may chu
[2017/6/4 - 17:29:08] [Thông Bao]:Henry_w dang ket noi toi may chu
[2017/6/4 - 17:48:19] [Thông Bao]:Henry_w dang ket noi toi may chu
[2017/6/4 - 17:58:25] [Thông Bao]:Henry_w dang ket noi toi may chu
[2017/6/4 - 18:07:16] [Thông Bao]:Henry_w dang ket noi toi may chu
[2017/6/4 - 20:09:53] [Thông Bao]:Minh_DepTrai dang ket noi toi may chu
[2017/6/4 - 20:13:12] [Thông Bao]:Minh_DepTrai dang ket noi toi may chu
[2017/6/4 - 20:27:04] [Thông Bao]:Minh_DepTrai dang ket noi toi may chu
[2017/6/4 - 20:30:47] [Thông Bao]:Minh_DepTrai dang ket noi toi may chu
[2017/6/4 - 20:38:00] [Thông Bao]:Minh_DepTrai dang ket noi toi may chu
[2017/6/4 - 20:42:35] [Thông Bao]:Minh_DepTrai dang ket noi toi may chu
[2017/6/5 - 16:41:05] [Thông Bao]:Ballas_Cnowne dang ket noi toi may chu
[2017/6/5 - 16:48:17] [Thông Bao]:Ballas_Cnowne dang ket noi toi may chu
[2017/6/5 - 16:52:37] [Thông Bao]:Ballas_Cnowne dang ket noi toi may chu
[2017/6/5 - 16:56:16] [Thông Bao]:Minh_Kiet dang ket noi toi may chu
[2017/6/5 - 16:56:27] [Thông Bao]:Ballas_Cnowne dang ket noi toi may chu
[2017/6/5 - 17:13:07] [Thông Bao]:Ballas_Cnowne dang ket noi toi may chu
[2017/6/5 - 18:47:27] [Thông Bao]:Minh_Kiet dang ket noi toi may chu
[2017/6/5 - 18:56:39] [Thông Bao]:Minh_Kiet dang ket noi toi may chu
[2017/6/5 - 18:59:49] [Thông Bao]:Minh_Kiet dang ket noi toi may chu
[2017/6/5 - 19:10:34] [Thông Bao]:Minh_Kiet dang ket noi toi may chu
[2017/6/5 - 19:32:57] [Thông Bao]:Minh_Kiet dang ket noi toi may chu
[2017/6/5 - 19:42:11] [Thông Bao]:Minh_Kiet dang ket noi toi may chu
[2017/6/5 - 19:47:17] [Thông Bao]:Minh_Kiet dang ket noi toi may chu
[2017/6/5 - 19:53:34] [Thông Bao]:Minh_Kiet dang ket noi toi may chu
[2017/6/5 - 20:03:37] [Thông Bao]:Minh_Kiet dang ket noi toi may chu
[2017/6/5 - 20:09:21] [Thông Bao]:Minh_Kiet dang ket noi toi may chu
[2017/6/5 - 20:15:35] [Thông Bao]:Minh_Kiet dang ket noi toi may chu
[2017/6/6 - 13:52:05] [Thông Bao]:Minh_Kiet dang ket noi toi may chu
[2017/6/6 - 13:58:00] [Thông Bao]:Minh_Kiet dang ket noi toi may chu
[2017/6/6 - 14:03:12] [Thông Bao]:Minh_Kiet dang ket noi toi may chu
[2017/6/6 - 14:20:02] [Thông Bao]:Minh_Kiet dang ket noi toi may chu
[2017/6/6 - 17:10:32] [Thông Bao]:Minh_Kiet dang ket noi toi may chu
[2017/6/6 - 17:19:41] [Thông Bao]:Minh_Kiet dang ket noi toi may chu
[2017/6/6 - 17:40:50] [Thông Bao]:Minh_Kiet dang ket noi toi may chu
[2017/6/6 - 17:46:37] [Thông Bao]:Minh_Kiet dang ket noi toi may chu
[2017/6/6 - 17:48:39] [Thông Bao]:Minh_Kiet dang ket noi toi may chu
[2017/6/6 - 18:17:15] [Thông Bao]:Minh_Kiet dang ket noi toi may chu
[2017/6/6 - 18:26:04] [Thông Bao]:Minh_Kiet dang ket noi toi may chu
[2017/6/6 - 18:28:46] [Thông Bao]:Minh_Kiet dang ket noi toi may chu
[2017/6/6 - 18:33:41] [Thông Bao]:Minh_Kiet dang ket noi toi may chu
[2017/6/6 - 18:42:20] [Thông Bao]:Minh_Kiet dang ket noi toi may chu
[2017/6/6 - 18:48:13] [Thông Bao]:Minh_Kiet dang ket noi toi may chu
[2017/6/6 - 18:54:18] [Thông Bao]:Minh_Kiet dang ket noi toi may chu
[2017/6/6 - 18:58:38] [Thông Bao]:Minh_Kiet dang ket noi toi may chu
[2017/6/6 - 19:01:44] [Thông Bao]:Minh_Kiet dang ket noi toi may chu
[2017/6/6 - 19:04:47] [Thông Bao]:Minh_Kiet dang ket noi toi may chu
[2017/6/7 - 16:55:26] [Thông Bao]:Minh_Kiet dang ket noi toi may chu
[2017/6/7 - 17:01:16] [Thông Bao]:Minh_Kiet dang ket noi toi may chu
[2017/6/7 - 17:06:54] [Thông Bao]:Minh_Kiet dang ket noi toi may chu
[2017/6/7 - 17:12:35] [Thông Bao]:Minh_Kiety dang ket noi toi may chu
[2017/6/7 - 17:21:42] [Thông Bao]:Minh_Kiety dang ket noi toi may chu
[2017/6/7 - 17:23:21] [Thông Bao]:Minh_Kietyt dang ket noi toi may chu
[2017/6/7 - 17:27:44] [Thông Bao]:Minh_Kietyt dang ket noi toi may chu
[2017/6/7 - 17:47:52] [Thông Bao]:Minh_Kietyt dang ket noi toi may chu
[2017/6/7 - 17:52:31] [Thông Bao]:Minh_Kietyt dang ket noi toi may chu
[2017/6/7 - 18:12:46] [Thông Bao]:Minh_Kietyt dang ket noi toi may chu
[2017/6/7 - 18:38:58] [Thông Bao]:Minh_Kietyt dang ket noi toi may chu
[2017/6/7 - 18:41:40] [Thông Bao]:Minh_Kietyt dang ket noi toi may chu
[2017/6/7 - 18:48:58] [Thông Bao]:Minh_Kietyt dang ket noi toi may chu
[2017/6/7 - 19:04:53] [Thông Bao]:Minh_Kietyt dang ket noi toi may chu
[2017/6/7 - 19:13:55] [Thông Bao]:Minh_Kietyt dang ket noi toi may chu
[2017/6/7 - 19:29:49] [Thông Bao]:Minh_Kietyt dang ket noi toi may chu
[2017/6/7 - 19:35:59] [Thông Bao]:Minh_Kietyt dang ket noi toi may chu
[2017/6/7 - 19:39:31] [Thông Bao]:Minh_Kietyt dang ket noi toi may chu
[2017/6/7 - 19:48:33] [Thông Bao]:Minh_Kietyt dang ket noi toi may chu
[2017/6/7 - 19:58:58] [Thông Bao]:Minh_Kietyt dang ket noi toi may chu
[2017/6/17 - 23:20:04] [Thông Bao]:Minh_Kiet dang ket noi toi may chu
[2017/6/17 - 23:41:28] [Thông Bao]:Minh_Kiet dang ket noi toi may chu
[2017/6/17 - 23:47:30] [Thông Bao]:Minh_Kiet dang ket noi toi may chu
[2017/6/18 - 0:01:22] [Thông Bao]:Minh_Kiet dang ket noi toi may chu
[2017/6/18 - 0:33:53] [Thông Bao]:Minh_Kiet dang ket noi toi may chu
[2017/6/18 - 0:38:47] [Thông Bao]:Minh_Kiet dang ket noi toi may chu
[2017/6/18 - 15:14:51] [Thông Bao]:Minh_Dep dang ket noi toi may chu
[2017/6/18 - 15:25:23] [Thông Bao]:Minh_Dep dang ket noi toi may chu
[2017/6/18 - 15:30:28] [Thông Bao]:Minh_Dep dang ket noi toi may chu
[2017/6/18 - 15:35:22] [Thông Bao]:Minh_Dep dang ket noi toi may chu
[2017/6/18 - 15:38:32] [Thông Bao]:Minh_Dep dang ket noi toi may chu
[2017/6/18 - 15:45:23] [Thông Bao]:Minh_Kiet dang ket noi toi may chu
[2017/6/19 - 15:12:16] [Thông Bao]:Minh_Kiest dang ket noi toi may chu
[2017/6/19 - 15:25:00] [Thông Bao]:Minh_Kiest dang ket noi toi may chu
[2017/6/19 - 15:29:40] [Thông Bao]:Minh_Kiest dang ket noi toi may chu
[2017/6/19 - 15:34:05] [Thông Bao]:Minh_Kiest dang ket noi toi may chu
[2017/6/20 - 18:07:52] [Thông Bao]:Minh_Kiet dang ket noi toi may chu
[2017/6/20 - 18:19:42] [Thông Bao]:Minh_Kiet dang ket noi toi may chu
[2017/6/20 - 18:41:05] [Thông Bao]:Minh_Kiet dang ket noi toi may chu
[2017/6/20 - 19:08:19] [Thông Bao]:Minh_Kiet dang ket noi toi may chu
[2017/6/20 - 19:09:00] [Thông Bao]:Minh_Kiet dang ket noi toi may chu
[2017/6/20 - 19:12:49] [Thông Bao]:Minh_Kiet dang ket noi toi may chu
[2017/6/20 - 19:29:46] [Thông Bao]:Minh_Kiet dang ket noi toi may chu
[2017/6/20 - 19:31:48] [Thông Bao]:Minh_Kiet Dang Co Ket Noi Toi Server khi dang bi Bannned Ly Do:
[2017/6/20 - 19:33:23] [Thông Bao]:Minh_Kiet Dang Co Ket Noi Toi Server khi dang bi Bannned Ly Do:
[2017/6/20 - 19:37:12] [Thông Bao]:Minh_Kiet dang ket noi toi may chu
[2017/6/20 - 19:38:48] [Thông Bao]:Minh_Kiet dang ket noi toi may chu
[2017/6/20 - 19:42:27] [Thông Bao]:Minh_Kiet dang ket noi toi may chu
[2017/6/20 - 19:47:09] [Thông Bao]:Minh_Kiet dang ket noi toi may chu
[2017/6/20 - 19:56:51] [Thông Bao]:Minh_Kietr dang ket noi toi may chu
[2017/6/20 - 19:57:45] [Thông Bao]:Minh_Kietr dang ket noi toi may chu
[2017/6/20 - 20:03:10] [Thông Bao]:Minh_Kietr dang ket noi toi may chu
[2017/6/21 - 23:27:40] [Thông Bao]:Minh_Kiet dang ket noi toi may chu
[2017/6/21 - 23:43:31] [Thông Bao]:Minh_Kiet dang ket noi toi may chu
[2017/6/22 - 0:05:20] [Thông Bao]:Minh_Kiet dang ket noi toi may chu
[2017/6/22 - 0:14:25] [Thông Bao]:Minh_Kiet dang ket noi toi may chu
