[2016/7/19 - 21:37:05]    M26's Playing Hours have been set to 2. by M26
[2016/7/27 - 20:44:28]    Thai Nguyen's Materials have been set to 100000. by Thai Nguyen
[2016/7/27 - 22:00:49]    Thai Nguyen's Materials have been set to 10000. by Thai Nguyen
[2016/7/28 - 9:06:00]    Thai Nguyen's Materials have been set to 100000. by Thai Nguyen
[2016/7/29 - 14:02:33] Thai Nguyen da dieu chinh tien Thai Nguyen's thanh $500000 (/setmoney)
[2016/7/29 - 14:02:50] Thai Nguyen da dieu chinh tien Thai Nguyen's thanh $50000 (/setmoney)
[2016/7/29 - 14:28:48] Thai Nguyen da dieu chinh tien Thai Nguyen's thanh $100000 (/setmoney)
[2016/7/29 - 14:37:11] Thai Nguyen da dieu chinh tien Thai Nguyen's thanh $1000 (/setmoney)
[2016/7/29 - 14:38:25] Thai Nguyen has given Thai Nguyen $10,000 (/givemoney)
[2016/7/29 - 14:38:37] Thai Nguyen has given Thai Nguyen $10,000 (/givemoney)
[2016/7/29 - 14:50:53] Thai Nguyen has given Thai Nguyen $10,000 (/givemoney)
[2016/7/29 - 14:50:57] Thai Nguyen has given Thai Nguyen $10,000 (/givemoney)
[2016/7/30 - 21:14:41]    Thai Nguyen's Credits have been set to 99. by Thai Nguyen
[2016/7/30 - 21:21:17]    Thai Nguyen's Credits have been set to 99. by Thai Nguyen
[2016/7/30 - 21:21:31]    Thai Nguyen's Credits have been set to 1000. by Thai Nguyen
[2016/7/30 - 21:30:24]    Thai Nguyen's Credits have been set to 56. by Thai Nguyen
[2016/7/30 - 21:30:49]    Thai Nguyen's Credits have been set to 1000. by Thai Nguyen
[2016/7/30 - 21:30:52]    Thai Nguyen's Credits have been set to 1000. by Thai Nguyen
[2016/7/30 - 21:36:09]    Thai Nguyen's Credits have been set to 59. by Thai Nguyen
[2016/7/30 - 21:36:43]    Thai Nguyen's Credits have been set to 1000. by Thai Nguyen
[2016/7/30 - 21:38:45]    Thai Nguyen's Credits have been set to 52. by Thai Nguyen
[2016/7/30 - 21:39:10]    Thai Nguyen's Credits have been set to 1000. by Thai Nguyen
[2016/7/30 - 21:42:59]    Thai Nguyen's Credits have been set to 53. by Thai Nguyen
[2016/7/30 - 21:43:21]    Thai Nguyen's Credits have been set to 1000. by Thai Nguyen
[2016/8/1 - 11:52:44] Thai Nguyen da dieu chinh tien Thai Nguyen's thanh $0 (/setmoney)
[2016/8/1 - 11:54:51] Thai Nguyen da dieu chinh tien Thai Nguyen's thanh $0 (/setmoney)
[2016/8/1 - 11:58:14] Thai Nguyen da dieu chinh tien Thai Nguyen's thanh $0 (/setmoney)
[2016/8/1 - 20:08:45]    Thai Nguyen's Credits have been set to 1000. by Thai Nguyen
[2016/8/14 - 10:12:14]    Thai Nguyen's Credits have been set to 1000. by Thai Nguyen
[2016/8/14 - 10:12:21]    Thai Nguyen's Materials have been set to 10000. by Thai Nguyen
[2016/8/14 - 18:28:56] Thai Nguyen has given Thai Nguyen $100,000 (/givemoney)
[2016/8/14 - 18:50:55] Thai Nguyen has given Thai Nguyen $50,000 (/givemoney)
[2016/8/14 - 18:51:03]    Thai Nguyen's Credits have been set to 1000. by Thai Nguyen
[2016/8/14 - 18:51:06]    Thai Nguyen's Materials have been set to 10000. by Thai Nguyen
[2016/8/15 - 13:17:27]    Thai Nguyen's Credits have been set to 1000. by Thai Nguyen
[2016/8/15 - 13:22:50]    Thai Nguyen's Materials have been set to 1000. by Thai Nguyen
[2016/8/27 - 20:04:46]    Thai Nguyen's Credits have been set to 10000. by Thai Nguyen
[2016/8/28 - 20:18:15]    Thai Nguyen's Credits have been set to 10000. by Thai Nguyen
[2016/9/19 - 12:28:52]    Thai Nguyen's Playing Hours have been set to 2. by Thai Nguyen
[2016/9/19 - 19:25:27]    Thai Nguyen's Level, da set thanh 2. by Thai Nguyen
[2017/4/8 - 18:40:51] David Nam da dieu chinh tien David Nam's thanh $999999 (/setmoney)
[2017/4/9 - 19:54:56]    Thien Minh's Materials have been set to 100000. by Thien Minh
[2017/4/10 - 17:29:49]    David Nam's Materials have been set to 100000. by David Nam
[2017/4/10 - 17:34:54]    David Nam's Level, da set thanh 1000. by David Nam
[2017/5/9 - 19:29:03] Admin Minh changed Admin_Minh's name to Minh
[2017/5/9 - 19:57:36]    Minh's Level, da set thanh 4. by Minh
[2017/5/12 - 19:34:53]    Player's Job, da set thanh 7. by Player
[2017/5/13 - 17:31:24]    Player's Job, da set thanh 28. by Player
[2017/5/13 - 20:16:53]    Player's Job, da set thanh 28. by Player
[2017/5/14 - 18:30:29] Player da dieu chinh tien Player's thanh $100000 (/setmoney)
[2017/5/25 - 19:43:26]    Minh Kiet's Level, da set thanh 5. by Minh Kiet
[2017/5/25 - 19:46:08] Minh Kiet da dieu chinh tien Minh Kiet's thanh $0 (/setmoney)
[2017/5/26 - 20:26:57] Minh Kiet da dieu chinh tien Minh Kiet's thanh $0 (/setmoney)
[2017/5/29 - 19:26:44] Minh Kiet changed Minh_Kiet's name to Minh_Kiet2
[2017/5/29 - 19:27:30] Minh Kiet2 changed Minh_Kiet2's name to Minh_Kiet
[2017/5/31 - 18:23:09] Minh Ki changed Minh_Ki's name to 1
[2017/6/2 - 20:00:53]    Henry Wiliam's Level, da set thanh 10. by Henry Wiliam
[2017/6/2 - 20:00:54]    Henry Wiliam's Level, da set thanh 10. by Henry Wiliam
[2017/6/3 - 18:29:52]    Minh Kiet's Materials have been set to 100000. by Minh Kiet
[2017/6/4 - 20:42:49] Minh DepTrai da dieu chinh tien Minh DepTrai's thanh $1 (/setmoney)
[2017/6/5 - 19:48:24] Minh Kiet da dieu chinh tien Minh Kiet's thanh $0 (/setmoney)
[2017/6/5 - 19:55:37] Minh Kiet da dieu chinh tien Minh Kiet's thanh $0 (/setmoney)
[2017/6/5 - 20:07:04] Minh Kiet da dieu chinh tien Minh Kiet's thanh $0 (/setmoney)
[2017/6/5 - 20:09:44]    Minh Kiet's Materials have been set to 10. by Minh Kiet
[2017/6/5 - 20:16:01] Minh Kiet da dieu chinh tien Minh Kiet's thanh $0 (/setmoney)
[2017/6/6 - 14:20:31]    Minh Kiet's Materials have been set to 10000. by Minh Kiet
[2017/6/6 - 14:20:34] Minh Kiet da dieu chinh tien Minh Kiet's thanh $0 (/setmoney)
[2017/6/6 - 17:42:38] Minh Kiet da dieu chinh tien Minh Kiet's thanh $0 (/setmoney)
[2017/6/6 - 17:42:40] Minh Kiet da dieu chinh tien Minh Kiet's thanh $100000 (/setmoney)
[2017/6/6 - 17:48:59] Minh Kiet da dieu chinh tien Minh Kiet's thanh $50000 (/setmoney)
[2017/6/7 - 19:50:48] Minh Kietyt da dieu chinh tien Minh Kietyt's thanh $0 (/setmoney)
[2017/6/7 - 19:52:04] Minh Kietyt da dieu chinh tien Minh Kietyt's thanh $0 (/setmoney)
[2017/6/7 - 19:53:36] Minh Kietyt da dieu chinh tien Minh Kietyt's thanh $1 (/setmoney)
[2017/6/7 - 19:59:33] Minh Kietyt da dieu chinh tien Minh Kietyt's thanh $1000000 (/setmoney)
[2017/6/18 - 15:33:00] Minh Dep da dieu chinh tien Minh Dep's thanh $10000000 (/setmoney)
[2017/6/18 - 15:47:18] Minh Kiet da dieu chinh tien Minh Kiet's thanh $1215752192 (/setmoney)
[2017/6/20 - 20:05:24]    Minh Kietr's Materials have been set to 1000000. by Minh Kietr
